--------------------------------
2019/12/17 16:31:30|
【SQL参数】：
【SQL语句】：SELECT [UserName],[UserPwd],[RoleId],[RoleName],[LastLoginDate],[LastModifyPwdDate],[ErrorCount],[LastLoginFailDate],[HeadPicUrl],[Sex],[Age],[Birth],[Address],[Mobile],[Email],[Remark],[CreateID],[Creator],[CreateTime],[ModifyID],[Modifier],[ModifyTime],[ID],[Status],[DeleteTime],[Deleter],[DeleterID] FROM [SysUser] 
--------------------------------
2019/12/17 16:31:30|
【SQL参数】：@Status0:1

【SQL语句】：SELECT [ParentId],[MenuId],[Name],[Url],[PathUrl],[Description],[Icon],[OrderNo],[IsShow],[CreateID],[Creator],[CreateTime],[ModifyID],[Modifier],[ModifyTime],[ID],[Status],[DeleteTime],[Deleter],[DeleterID] FROM [SysMenu]  WHERE ( [Status] = @Status0 )
--------------------------------
2019/12/17 16:31:32|
【SQL参数】：@InPara0:ad53afaf-4ca4-4ced-9126-a7e71473dd42

【SQL语句】：SELECT [ParentId],[MenuId],[Name],[Url],[PathUrl],[Description],[Icon],[OrderNo],[IsShow],[CreateID],[Creator],[CreateTime],[ModifyID],[Modifier],[ModifyTime],[ID],[Status],[DeleteTime],[Deleter],[DeleterID] FROM [SysMenu]  WHERE [ID] IN (@InPara0)  
--------------------------------
2019/12/17 16:31:32|
【SQL参数】：@Status1:1

【SQL语句】：SELECT [SysPowerGroupID],[Name],[ApiUrl],[IsOpen],[CreateID],[Creator],[CreateTime],[ModifyID],[Modifier],[ModifyTime],[ID],[Status],[DeleteTime],[Deleter],[DeleterID] FROM [SysPower]  WHERE (([SysPowerGroupID] IN ('1eecee48-49de-cae6-2ee1-bc6efb271418','c6986003-05b5-6ef8-87e9-104e8e71eff9')) AND( [Status] = @Status1 ))
--------------------------------
2019/12/17 16:32:44|
【SQL参数】：@InPara0:ad53afaf-4ca4-4ced-9126-a7e71473dd42

【SQL语句】：SELECT [ParentId],[MenuId],[Name],[Url],[PathUrl],[Description],[Icon],[OrderNo],[IsShow],[CreateID],[Creator],[CreateTime],[ModifyID],[Modifier],[ModifyTime],[ID],[Status],[DeleteTime],[Deleter],[DeleterID] FROM [SysMenu]  WHERE [ID] IN (@InPara0)  
--------------------------------
2019/12/17 16:39:41|
【SQL参数】：
【SQL语句】：SELECT [UserName],[UserPwd],[RoleId],[RoleName],[LastLoginDate],[LastModifyPwdDate],[ErrorCount],[LastLoginFailDate],[HeadPicUrl],[Sex],[Age],[Birth],[Address],[Mobile],[Email],[Remark],[CreateID],[Creator],[CreateTime],[ModifyID],[Modifier],[ModifyTime],[ID],[Status],[DeleteTime],[Deleter],[DeleterID] FROM [SysUser] 
--------------------------------
2019/12/17 16:39:42|
【SQL参数】：@Status0:1

【SQL语句】：SELECT [ParentId],[MenuId],[Name],[Url],[PathUrl],[Description],[Icon],[OrderNo],[IsShow],[CreateID],[Creator],[CreateTime],[ModifyID],[Modifier],[ModifyTime],[ID],[Status],[DeleteTime],[Deleter],[DeleterID] FROM [SysMenu]  WHERE ( [Status] = @Status0 )
--------------------------------
2019/12/17 16:39:44|
【SQL参数】：@InPara0:ad53afaf-4ca4-4ced-9126-a7e71473dd42

【SQL语句】：SELECT [ParentId],[MenuId],[Name],[Url],[PathUrl],[Description],[Icon],[OrderNo],[IsShow],[CreateID],[Creator],[CreateTime],[ModifyID],[Modifier],[ModifyTime],[ID],[Status],[DeleteTime],[Deleter],[DeleterID] FROM [SysMenu]  WHERE [ID] IN (@InPara0)  
--------------------------------
2019/12/17 16:39:50|
【SQL参数】：@InPara0:ad53afaf-4ca4-4ced-9126-a7e71473dd42

【SQL语句】：SELECT [ParentId],[MenuId],[Name],[Url],[PathUrl],[Description],[Icon],[OrderNo],[IsShow],[CreateID],[Creator],[CreateTime],[ModifyID],[Modifier],[ModifyTime],[ID],[Status],[DeleteTime],[Deleter],[DeleterID] FROM [SysMenu]  WHERE [ID] IN (@InPara0)  
--------------------------------
2019/12/17 16:40:09|
【SQL参数】：@InPara0:ad53afaf-4ca4-4ced-9126-a7e71473dd42

【SQL语句】：SELECT [ParentId],[MenuId],[Name],[Url],[PathUrl],[Description],[Icon],[OrderNo],[IsShow],[CreateID],[Creator],[CreateTime],[ModifyID],[Modifier],[ModifyTime],[ID],[Status],[DeleteTime],[Deleter],[DeleterID] FROM [SysMenu]  WHERE [ID] IN (@InPara0)  
--------------------------------
2019/12/17 16:40:41|
【SQL参数】：@InPara0:ad53afaf-4ca4-4ced-9126-a7e71473dd42

【SQL语句】：SELECT [ParentId],[MenuId],[Name],[Url],[PathUrl],[Description],[Icon],[OrderNo],[IsShow],[CreateID],[Creator],[CreateTime],[ModifyID],[Modifier],[ModifyTime],[ID],[Status],[DeleteTime],[Deleter],[DeleterID] FROM [SysMenu]  WHERE [ID] IN (@InPara0)  
--------------------------------
2019/12/17 16:41:00|
【SQL参数】：@InPara0:af16bbaf-a30a-48c1-bdb7-b4bd7e7ab87c

【SQL语句】：SELECT [ParentId],[MenuId],[Name],[Url],[PathUrl],[Description],[Icon],[OrderNo],[IsShow],[CreateID],[Creator],[CreateTime],[ModifyID],[Modifier],[ModifyTime],[ID],[Status],[DeleteTime],[Deleter],[DeleterID] FROM [SysMenu]  WHERE [ID] IN (@InPara0)  
--------------------------------
2019/12/17 16:41:02|
【SQL参数】：@InPara0:ad53afaf-4ca4-4ced-9126-a7e71473dd42

【SQL语句】：SELECT [ParentId],[MenuId],[Name],[Url],[PathUrl],[Description],[Icon],[OrderNo],[IsShow],[CreateID],[Creator],[CreateTime],[ModifyID],[Modifier],[ModifyTime],[ID],[Status],[DeleteTime],[Deleter],[DeleterID] FROM [SysMenu]  WHERE [ID] IN (@InPara0)  
--------------------------------
2019/12/17 16:41:27|
【SQL参数】：@InPara0:ad53afaf-4ca4-4ced-9126-a7e71473dd42

【SQL语句】：SELECT [ParentId],[MenuId],[Name],[Url],[PathUrl],[Description],[Icon],[OrderNo],[IsShow],[CreateID],[Creator],[CreateTime],[ModifyID],[Modifier],[ModifyTime],[ID],[Status],[DeleteTime],[Deleter],[DeleterID] FROM [SysMenu]  WHERE [ID] IN (@InPara0)  
--------------------------------
2019/12/17 16:51:14|
【SQL参数】：
【SQL语句】：SELECT [UserName],[UserPwd],[RoleId],[RoleName],[LastLoginDate],[LastModifyPwdDate],[ErrorCount],[LastLoginFailDate],[HeadPicUrl],[Sex],[Age],[Birth],[Address],[Mobile],[Email],[Remark],[CreateID],[Creator],[CreateTime],[ModifyID],[Modifier],[ModifyTime],[ID],[Status],[DeleteTime],[Deleter],[DeleterID] FROM [SysUser] 
--------------------------------
2019/12/17 16:51:15|
【SQL参数】：@Status0:1

【SQL语句】：SELECT [ParentId],[MenuId],[Name],[Url],[PathUrl],[Description],[Icon],[OrderNo],[IsShow],[CreateID],[Creator],[CreateTime],[ModifyID],[Modifier],[ModifyTime],[ID],[Status],[DeleteTime],[Deleter],[DeleterID] FROM [SysMenu]  WHERE ( [Status] = @Status0 )
--------------------------------
2019/12/17 16:51:18|
【SQL参数】：@InPara0:ad53afaf-4ca4-4ced-9126-a7e71473dd42

【SQL语句】：SELECT [ParentId],[MenuId],[Name],[Url],[PathUrl],[Description],[Icon],[OrderNo],[IsShow],[CreateID],[Creator],[CreateTime],[ModifyID],[Modifier],[ModifyTime],[ID],[Status],[DeleteTime],[Deleter],[DeleterID] FROM [SysMenu]  WHERE [ID] IN (@InPara0)  
--------------------------------
2019/12/17 16:51:36|
【SQL参数】：@InPara0:ad53afaf-4ca4-4ced-9126-a7e71473dd42

【SQL语句】：SELECT [ParentId],[MenuId],[Name],[Url],[PathUrl],[Description],[Icon],[OrderNo],[IsShow],[CreateID],[Creator],[CreateTime],[ModifyID],[Modifier],[ModifyTime],[ID],[Status],[DeleteTime],[Deleter],[DeleterID] FROM [SysMenu]  WHERE [ID] IN (@InPara0)  
--------------------------------
2019/12/17 16:53:43|
【SQL参数】：
【SQL语句】：SELECT [UserName],[UserPwd],[RoleId],[RoleName],[LastLoginDate],[LastModifyPwdDate],[ErrorCount],[LastLoginFailDate],[HeadPicUrl],[Sex],[Age],[Birth],[Address],[Mobile],[Email],[Remark],[CreateID],[Creator],[CreateTime],[ModifyID],[Modifier],[ModifyTime],[ID],[Status],[DeleteTime],[Deleter],[DeleterID] FROM [SysUser] 
--------------------------------
2019/12/17 16:53:44|
【SQL参数】：@Status0:1

【SQL语句】：SELECT [ParentId],[MenuId],[Name],[Url],[PathUrl],[Description],[Icon],[OrderNo],[IsShow],[CreateID],[Creator],[CreateTime],[ModifyID],[Modifier],[ModifyTime],[ID],[Status],[DeleteTime],[Deleter],[DeleterID] FROM [SysMenu]  WHERE ( [Status] = @Status0 )
--------------------------------
2019/12/17 16:53:45|
【SQL参数】：@InPara0:ad53afaf-4ca4-4ced-9126-a7e71473dd42

【SQL语句】：SELECT [ParentId],[MenuId],[Name],[Url],[PathUrl],[Description],[Icon],[OrderNo],[IsShow],[CreateID],[Creator],[CreateTime],[ModifyID],[Modifier],[ModifyTime],[ID],[Status],[DeleteTime],[Deleter],[DeleterID] FROM [SysMenu]  WHERE [ID] IN (@InPara0)  
--------------------------------
2019/12/17 16:53:59|
【SQL参数】：@InPara0:ad53afaf-4ca4-4ced-9126-a7e71473dd42

【SQL语句】：SELECT [ParentId],[MenuId],[Name],[Url],[PathUrl],[Description],[Icon],[OrderNo],[IsShow],[CreateID],[Creator],[CreateTime],[ModifyID],[Modifier],[ModifyTime],[ID],[Status],[DeleteTime],[Deleter],[DeleterID] FROM [SysMenu]  WHERE [ID] IN (@InPara0)  
--------------------------------
2019/12/17 16:55:03|
【SQL参数】：
【SQL语句】：SELECT [UserName],[UserPwd],[RoleId],[RoleName],[LastLoginDate],[LastModifyPwdDate],[ErrorCount],[LastLoginFailDate],[HeadPicUrl],[Sex],[Age],[Birth],[Address],[Mobile],[Email],[Remark],[CreateID],[Creator],[CreateTime],[ModifyID],[Modifier],[ModifyTime],[ID],[Status],[DeleteTime],[Deleter],[DeleterID] FROM [SysUser] 
--------------------------------
2019/12/17 16:55:03|
【SQL参数】：@Status0:1

【SQL语句】：SELECT [ParentId],[MenuId],[Name],[Url],[PathUrl],[Description],[Icon],[OrderNo],[IsShow],[CreateID],[Creator],[CreateTime],[ModifyID],[Modifier],[ModifyTime],[ID],[Status],[DeleteTime],[Deleter],[DeleterID] FROM [SysMenu]  WHERE ( [Status] = @Status0 )
--------------------------------
2019/12/17 16:55:06|
【SQL参数】：@InPara0:ad53afaf-4ca4-4ced-9126-a7e71473dd42

【SQL语句】：SELECT [ParentId],[MenuId],[Name],[Url],[PathUrl],[Description],[Icon],[OrderNo],[IsShow],[CreateID],[Creator],[CreateTime],[ModifyID],[Modifier],[ModifyTime],[ID],[Status],[DeleteTime],[Deleter],[DeleterID] FROM [SysMenu]  WHERE [ID] IN (@InPara0)  
--------------------------------
2019/12/17 16:55:18|
【SQL参数】：@InPara0:ad53afaf-4ca4-4ced-9126-a7e71473dd42

【SQL语句】：SELECT [ParentId],[MenuId],[Name],[Url],[PathUrl],[Description],[Icon],[OrderNo],[IsShow],[CreateID],[Creator],[CreateTime],[ModifyID],[Modifier],[ModifyTime],[ID],[Status],[DeleteTime],[Deleter],[DeleterID] FROM [SysMenu]  WHERE [ID] IN (@InPara0)  
--------------------------------
2019/12/17 17:07:29|
【SQL参数】：
【SQL语句】：SELECT [UserName],[UserPwd],[RoleId],[RoleName],[LastLoginDate],[LastModifyPwdDate],[ErrorCount],[LastLoginFailDate],[HeadPicUrl],[Sex],[Age],[Birth],[Address],[Mobile],[Email],[Remark],[CreateID],[Creator],[CreateTime],[ModifyID],[Modifier],[ModifyTime],[ID],[Status],[DeleteTime],[Deleter],[DeleterID] FROM [SysUser] 
--------------------------------
2019/12/17 17:07:30|
【SQL参数】：@Status0:1

【SQL语句】：SELECT [ParentId],[MenuId],[Name],[Url],[PathUrl],[Description],[Icon],[OrderNo],[IsShow],[CreateID],[Creator],[CreateTime],[ModifyID],[Modifier],[ModifyTime],[ID],[Status],[DeleteTime],[Deleter],[DeleterID] FROM [SysMenu]  WHERE ( [Status] = @Status0 )
--------------------------------
2019/12/17 17:07:31|
【SQL参数】：@InPara0:ad53afaf-4ca4-4ced-9126-a7e71473dd42

【SQL语句】：SELECT [ParentId],[MenuId],[Name],[Url],[PathUrl],[Description],[Icon],[OrderNo],[IsShow],[CreateID],[Creator],[CreateTime],[ModifyID],[Modifier],[ModifyTime],[ID],[Status],[DeleteTime],[Deleter],[DeleterID] FROM [SysMenu]  WHERE [ID] IN (@InPara0)  
--------------------------------
2019/12/17 17:07:39|
【SQL参数】：@InPara0:ad53afaf-4ca4-4ced-9126-a7e71473dd42

【SQL语句】：SELECT [ParentId],[MenuId],[Name],[Url],[PathUrl],[Description],[Icon],[OrderNo],[IsShow],[CreateID],[Creator],[CreateTime],[ModifyID],[Modifier],[ModifyTime],[ID],[Status],[DeleteTime],[Deleter],[DeleterID] FROM [SysMenu]  WHERE [ID] IN (@InPara0)  
--------------------------------
2019/12/17 17:09:30|
【SQL参数】：
【SQL语句】：SELECT [UserName],[UserPwd],[RoleId],[RoleName],[LastLoginDate],[LastModifyPwdDate],[ErrorCount],[LastLoginFailDate],[HeadPicUrl],[Sex],[Age],[Birth],[Address],[Mobile],[Email],[Remark],[CreateID],[Creator],[CreateTime],[ModifyID],[Modifier],[ModifyTime],[ID],[Status],[DeleteTime],[Deleter],[DeleterID] FROM [SysUser] 
--------------------------------
2019/12/17 17:09:31|
【SQL参数】：@Status0:1

【SQL语句】：SELECT [ParentId],[MenuId],[Name],[Url],[PathUrl],[Description],[Icon],[OrderNo],[IsShow],[CreateID],[Creator],[CreateTime],[ModifyID],[Modifier],[ModifyTime],[ID],[Status],[DeleteTime],[Deleter],[DeleterID] FROM [SysMenu]  WHERE ( [Status] = @Status0 )
--------------------------------
2019/12/17 17:09:32|
【SQL参数】：@InPara0:ad53afaf-4ca4-4ced-9126-a7e71473dd42

【SQL语句】：SELECT [ParentId],[MenuId],[Name],[Url],[PathUrl],[Description],[Icon],[OrderNo],[IsShow],[CreateID],[Creator],[CreateTime],[ModifyID],[Modifier],[ModifyTime],[ID],[Status],[DeleteTime],[Deleter],[DeleterID] FROM [SysMenu]  WHERE [ID] IN (@InPara0)  
--------------------------------
2019/12/17 17:09:45|
【SQL参数】：@InPara0:ad53afaf-4ca4-4ced-9126-a7e71473dd42

【SQL语句】：SELECT [ParentId],[MenuId],[Name],[Url],[PathUrl],[Description],[Icon],[OrderNo],[IsShow],[CreateID],[Creator],[CreateTime],[ModifyID],[Modifier],[ModifyTime],[ID],[Status],[DeleteTime],[Deleter],[DeleterID] FROM [SysMenu]  WHERE [ID] IN (@InPara0)  
--------------------------------
2019/12/17 17:12:47|
【SQL参数】：
【SQL语句】：SELECT [UserName],[UserPwd],[RoleId],[RoleName],[LastLoginDate],[LastModifyPwdDate],[ErrorCount],[LastLoginFailDate],[HeadPicUrl],[Sex],[Age],[Birth],[Address],[Mobile],[Email],[Remark],[CreateID],[Creator],[CreateTime],[ModifyID],[Modifier],[ModifyTime],[ID],[Status],[DeleteTime],[Deleter],[DeleterID] FROM [SysUser] 
--------------------------------
2019/12/17 17:12:48|
【SQL参数】：@Status0:1

【SQL语句】：SELECT [ParentId],[MenuId],[Name],[Url],[PathUrl],[Description],[Icon],[OrderNo],[IsShow],[CreateID],[Creator],[CreateTime],[ModifyID],[Modifier],[ModifyTime],[ID],[Status],[DeleteTime],[Deleter],[DeleterID] FROM [SysMenu]  WHERE ( [Status] = @Status0 )
--------------------------------
2019/12/17 17:12:49|
【SQL参数】：@InPara0:ad53afaf-4ca4-4ced-9126-a7e71473dd42

【SQL语句】：SELECT [ParentId],[MenuId],[Name],[Url],[PathUrl],[Description],[Icon],[OrderNo],[IsShow],[CreateID],[Creator],[CreateTime],[ModifyID],[Modifier],[ModifyTime],[ID],[Status],[DeleteTime],[Deleter],[DeleterID] FROM [SysMenu]  WHERE [ID] IN (@InPara0)  
--------------------------------
2019/12/17 17:12:58|
【SQL参数】：@InPara0:ad53afaf-4ca4-4ced-9126-a7e71473dd42

【SQL语句】：SELECT [ParentId],[MenuId],[Name],[Url],[PathUrl],[Description],[Icon],[OrderNo],[IsShow],[CreateID],[Creator],[CreateTime],[ModifyID],[Modifier],[ModifyTime],[ID],[Status],[DeleteTime],[Deleter],[DeleterID] FROM [SysMenu]  WHERE [ID] IN (@InPara0)  
--------------------------------
2019/12/17 17:13:07|
【SQL参数】：@Status1:1

【SQL语句】：SELECT [SysPowerGroupID],[Name],[ApiUrl],[IsOpen],[CreateID],[Creator],[CreateTime],[ModifyID],[Modifier],[ModifyTime],[ID],[Status],[DeleteTime],[Deleter],[DeleterID] FROM [SysPower]  WHERE (([SysPowerGroupID] IN ('9285fad0-8c45-2a05-80da-7ed0ab14c61b','9122b35e-5f55-14f7-e333-ae2099d416a3')) AND( [Status] = @Status1 ))
--------------------------------
2019/12/17 17:16:37|
【SQL参数】：
【SQL语句】：SELECT [UserName],[UserPwd],[RoleId],[RoleName],[LastLoginDate],[LastModifyPwdDate],[ErrorCount],[LastLoginFailDate],[HeadPicUrl],[Sex],[Age],[Birth],[Address],[Mobile],[Email],[Remark],[CreateID],[Creator],[CreateTime],[ModifyID],[Modifier],[ModifyTime],[ID],[Status],[DeleteTime],[Deleter],[DeleterID] FROM [SysUser] 
--------------------------------
2019/12/17 17:16:38|
【SQL参数】：@Status0:1

【SQL语句】：SELECT [ParentId],[MenuId],[Name],[Url],[PathUrl],[Description],[Icon],[OrderNo],[IsShow],[CreateID],[Creator],[CreateTime],[ModifyID],[Modifier],[ModifyTime],[ID],[Status],[DeleteTime],[Deleter],[DeleterID] FROM [SysMenu]  WHERE ( [Status] = @Status0 )
--------------------------------
2019/12/17 17:16:39|
【SQL参数】：@InPara0:ad53afaf-4ca4-4ced-9126-a7e71473dd42

【SQL语句】：SELECT [ParentId],[MenuId],[Name],[Url],[PathUrl],[Description],[Icon],[OrderNo],[IsShow],[CreateID],[Creator],[CreateTime],[ModifyID],[Modifier],[ModifyTime],[ID],[Status],[DeleteTime],[Deleter],[DeleterID] FROM [SysMenu]  WHERE [ID] IN (@InPara0)  
--------------------------------
2019/12/17 17:16:43|
【SQL参数】：@InPara0:ad53afaf-4ca4-4ced-9126-a7e71473dd42

【SQL语句】：SELECT [ParentId],[MenuId],[Name],[Url],[PathUrl],[Description],[Icon],[OrderNo],[IsShow],[CreateID],[Creator],[CreateTime],[ModifyID],[Modifier],[ModifyTime],[ID],[Status],[DeleteTime],[Deleter],[DeleterID] FROM [SysMenu]  WHERE [ID] IN (@InPara0)  
--------------------------------
2019/12/17 17:16:46|
【SQL参数】：
【SQL语句】：DELETE FROM [SysMenuPowerGroup] WHERE [ID] IN ('6386e449-ddd0-4972-8097-d0a26d3c0f07','bd52240d-ca83-442b-b306-3c7e78797ae1') 
--------------------------------
2019/12/17 17:17:05|
【SQL参数】：
【SQL语句】：INSERT [SysMenuPowerGroup]  ([SysMenuID],[SysPowerGroupID],[CreateID],[Creator],[CreateTime],[ModifyID],[Modifier],[ModifyTime],[ID],[Status],[DeleteTime],[Deleter],[DeleterID])
 SELECT N'ad53afaf-4ca4-4ced-9126-a7e71473dd42' AS [SysMenuID],N'9285fad0-8c45-2a05-80da-7ed0ab14c61b' AS [SysPowerGroupID],N'1' AS [CreateID],N'admin' AS [Creator],'2019-12-17 17:16:43.650' AS [CreateTime],NULL AS [ModifyID],NULL AS [Modifier],NULL AS [ModifyTime],N'03ab2613-cc0d-42c6-9fe1-587cf176a981' AS [ID],N'1' AS [Status],NULL AS [DeleteTime],NULL AS [Deleter],NULL AS [DeleterID]	
UNION ALL 
 SELECT N'ad53afaf-4ca4-4ced-9126-a7e71473dd42' AS [SysMenuID],N'9122b35e-5f55-14f7-e333-ae2099d416a3' AS [SysPowerGroupID],N'1' AS [CreateID],N'admin' AS [Creator],'2019-12-17 17:16:43.650' AS [CreateTime],NULL AS [ModifyID],NULL AS [Modifier],NULL AS [ModifyTime],N'6cd8bf30-2652-4a74-91c0-891b7110ed5c' AS [ID],N'1' AS [Status],NULL AS [DeleteTime],NULL AS [Deleter],NULL AS [DeleterID]
;

--------------------------------
2019/12/17 17:17:20|
【SQL参数】：@InPara0:ad53afaf-4ca4-4ced-9126-a7e71473dd42

【SQL语句】：SELECT [ParentId],[MenuId],[Name],[Url],[PathUrl],[Description],[Icon],[OrderNo],[IsShow],[CreateID],[Creator],[CreateTime],[ModifyID],[Modifier],[ModifyTime],[ID],[Status],[DeleteTime],[Deleter],[DeleterID] FROM [SysMenu]  WHERE [ID] IN (@InPara0)  
--------------------------------
2019/12/17 17:17:28|
【SQL参数】：@InPara0:ad53afaf-4ca4-4ced-9126-a7e71473dd42

【SQL语句】：SELECT [ParentId],[MenuId],[Name],[Url],[PathUrl],[Description],[Icon],[OrderNo],[IsShow],[CreateID],[Creator],[CreateTime],[ModifyID],[Modifier],[ModifyTime],[ID],[Status],[DeleteTime],[Deleter],[DeleterID] FROM [SysMenu]  WHERE [ID] IN (@InPara0)  
--------------------------------
2019/12/17 17:17:30|
【SQL参数】：@Status1:1

【SQL语句】：SELECT [SysPowerGroupID],[Name],[ApiUrl],[IsOpen],[CreateID],[Creator],[CreateTime],[ModifyID],[Modifier],[ModifyTime],[ID],[Status],[DeleteTime],[Deleter],[DeleterID] FROM [SysPower]  WHERE (([SysPowerGroupID] IN ('9285fad0-8c45-2a05-80da-7ed0ab14c61b','9122b35e-5f55-14f7-e333-ae2099d416a3')) AND( [Status] = @Status1 ))
--------------------------------
2019/12/17 17:17:30|
【SQL参数】：
【SQL语句】：DELETE FROM [SysPower] WHERE [ID] IN ('bdcff46d-a27d-3287-3c64-48d83cad8cfc','deba9ad7-2274-2dc0-1cba-a70076951abd') 
--------------------------------
2019/12/17 17:17:43|
【SQL参数】：
【SQL语句】：INSERT [SysMenuPowerGroup]  ([SysMenuID],[SysPowerGroupID],[CreateID],[Creator],[CreateTime],[ModifyID],[Modifier],[ModifyTime],[ID],[Status],[DeleteTime],[Deleter],[DeleterID])
 SELECT N'ad53afaf-4ca4-4ced-9126-a7e71473dd42' AS [SysMenuID],N'9285fad0-8c45-2a05-80da-7ed0ab14c61b' AS [SysPowerGroupID],N'1' AS [CreateID],N'admin' AS [Creator],'2019-12-17 17:17:28.266' AS [CreateTime],NULL AS [ModifyID],NULL AS [Modifier],NULL AS [ModifyTime],N'd2cc2c72-80b3-4f44-8e24-be539915a11f' AS [ID],N'1' AS [Status],NULL AS [DeleteTime],NULL AS [Deleter],NULL AS [DeleterID]	
UNION ALL 
 SELECT N'ad53afaf-4ca4-4ced-9126-a7e71473dd42' AS [SysMenuID],N'9122b35e-5f55-14f7-e333-ae2099d416a3' AS [SysPowerGroupID],N'1' AS [CreateID],N'admin' AS [Creator],'2019-12-17 17:17:28.266' AS [CreateTime],NULL AS [ModifyID],NULL AS [Modifier],NULL AS [ModifyTime],N'e0a138d4-f3fb-4ede-ba0d-90f9284ce9a5' AS [ID],N'1' AS [Status],NULL AS [DeleteTime],NULL AS [Deleter],NULL AS [DeleterID]
;

--------------------------------
2019/12/17 17:17:49|
【SQL参数】：@InPara0:ad53afaf-4ca4-4ced-9126-a7e71473dd42

【SQL语句】：SELECT [ParentId],[MenuId],[Name],[Url],[PathUrl],[Description],[Icon],[OrderNo],[IsShow],[CreateID],[Creator],[CreateTime],[ModifyID],[Modifier],[ModifyTime],[ID],[Status],[DeleteTime],[Deleter],[DeleterID] FROM [SysMenu]  WHERE [ID] IN (@InPara0)  
--------------------------------
2019/12/17 17:17:56|
【SQL参数】：@InPara0:ad53afaf-4ca4-4ced-9126-a7e71473dd42

【SQL语句】：SELECT [ParentId],[MenuId],[Name],[Url],[PathUrl],[Description],[Icon],[OrderNo],[IsShow],[CreateID],[Creator],[CreateTime],[ModifyID],[Modifier],[ModifyTime],[ID],[Status],[DeleteTime],[Deleter],[DeleterID] FROM [SysMenu]  WHERE [ID] IN (@InPara0)  
--------------------------------
2019/12/17 17:19:10|
【SQL参数】：@InPara0:ad53afaf-4ca4-4ced-9126-a7e71473dd42

【SQL语句】：SELECT [ParentId],[MenuId],[Name],[Url],[PathUrl],[Description],[Icon],[OrderNo],[IsShow],[CreateID],[Creator],[CreateTime],[ModifyID],[Modifier],[ModifyTime],[ID],[Status],[DeleteTime],[Deleter],[DeleterID] FROM [SysMenu]  WHERE [ID] IN (@InPara0)  
--------------------------------
2019/12/17 17:19:12|
【SQL参数】：
【SQL语句】：DELETE FROM [SysPowerGroup] WHERE [ID] IN ('9285fad0-8c45-2a05-80da-7ed0ab14c61b','9122b35e-5f55-14f7-e333-ae2099d416a3') 
--------------------------------
2019/12/17 17:20:42|
【SQL参数】：@InPara0:ad53afaf-4ca4-4ced-9126-a7e71473dd42

【SQL语句】：SELECT [ParentId],[MenuId],[Name],[Url],[PathUrl],[Description],[Icon],[OrderNo],[IsShow],[CreateID],[Creator],[CreateTime],[ModifyID],[Modifier],[ModifyTime],[ID],[Status],[DeleteTime],[Deleter],[DeleterID] FROM [SysMenu]  WHERE [ID] IN (@InPara0)  
--------------------------------
2019/12/17 17:20:57|
【SQL参数】：@InPara0:ad53afaf-4ca4-4ced-9126-a7e71473dd42

【SQL语句】：SELECT [ParentId],[MenuId],[Name],[Url],[PathUrl],[Description],[Icon],[OrderNo],[IsShow],[CreateID],[Creator],[CreateTime],[ModifyID],[Modifier],[ModifyTime],[ID],[Status],[DeleteTime],[Deleter],[DeleterID] FROM [SysMenu]  WHERE [ID] IN (@InPara0)  
--------------------------------
2019/12/17 17:24:26|
【SQL参数】：@InPara0:ad53afaf-4ca4-4ced-9126-a7e71473dd42

【SQL语句】：SELECT [ParentId],[MenuId],[Name],[Url],[PathUrl],[Description],[Icon],[OrderNo],[IsShow],[CreateID],[Creator],[CreateTime],[ModifyID],[Modifier],[ModifyTime],[ID],[Status],[DeleteTime],[Deleter],[DeleterID] FROM [SysMenu]  WHERE [ID] IN (@InPara0)  
--------------------------------
2019/12/17 17:28:27|
【SQL参数】：@Status0:1

【SQL语句】：SELECT [ParentId],[MenuId],[Name],[Url],[PathUrl],[Description],[Icon],[OrderNo],[IsShow],[CreateID],[Creator],[CreateTime],[ModifyID],[Modifier],[ModifyTime],[ID],[Status],[DeleteTime],[Deleter],[DeleterID] FROM [SysMenu]  WHERE ( [Status] = @Status0 )
--------------------------------
2019/12/17 17:28:30|
【SQL参数】：@InPara0:1

【SQL语句】：SELECT [UserName],[UserPwd],[RoleId],[RoleName],[LastLoginDate],[LastModifyPwdDate],[ErrorCount],[LastLoginFailDate],[HeadPicUrl],[Sex],[Age],[Birth],[Address],[Mobile],[Email],[Remark],[CreateID],[Creator],[CreateTime],[ModifyID],[Modifier],[ModifyTime],[ID],[Status],[DeleteTime],[Deleter],[DeleterID] FROM [SysUser]  WHERE [ID] IN (@InPara0)  
--------------------------------
2019/12/17 17:28:40|
【SQL参数】：
【SQL语句】：SELECT [UserName],[UserPwd],[RoleId],[RoleName],[LastLoginDate],[LastModifyPwdDate],[ErrorCount],[LastLoginFailDate],[HeadPicUrl],[Sex],[Age],[Birth],[Address],[Mobile],[Email],[Remark],[CreateID],[Creator],[CreateTime],[ModifyID],[Modifier],[ModifyTime],[ID],[Status],[DeleteTime],[Deleter],[DeleterID] FROM [SysUser] 
--------------------------------
2019/12/17 17:28:41|
【SQL参数】：@InPara0:1

【SQL语句】：SELECT [UserName],[UserPwd],[RoleId],[RoleName],[LastLoginDate],[LastModifyPwdDate],[ErrorCount],[LastLoginFailDate],[HeadPicUrl],[Sex],[Age],[Birth],[Address],[Mobile],[Email],[Remark],[CreateID],[Creator],[CreateTime],[ModifyID],[Modifier],[ModifyTime],[ID],[Status],[DeleteTime],[Deleter],[DeleterID] FROM [SysUser]  WHERE [ID] IN (@InPara0)  
--------------------------------
2019/12/17 17:28:41|
【SQL参数】：@InPara0:1

【SQL语句】：SELECT [UserName],[UserPwd],[RoleId],[RoleName],[LastLoginDate],[LastModifyPwdDate],[ErrorCount],[LastLoginFailDate],[HeadPicUrl],[Sex],[Age],[Birth],[Address],[Mobile],[Email],[Remark],[CreateID],[Creator],[CreateTime],[ModifyID],[Modifier],[ModifyTime],[ID],[Status],[DeleteTime],[Deleter],[DeleterID] FROM [SysUser]  WHERE [ID] IN (@InPara0)  
--------------------------------
2019/12/17 17:28:47|
【SQL参数】：@Status0:1

【SQL语句】：SELECT [ParentId],[MenuId],[Name],[Url],[PathUrl],[Description],[Icon],[OrderNo],[IsShow],[CreateID],[Creator],[CreateTime],[ModifyID],[Modifier],[ModifyTime],[ID],[Status],[DeleteTime],[Deleter],[DeleterID] FROM [SysMenu]  WHERE ( [Status] = @Status0 )
--------------------------------
2019/12/17 17:28:49|
【SQL参数】：@InPara0:ad53afaf-4ca4-4ced-9126-a7e71473dd42

【SQL语句】：SELECT [ParentId],[MenuId],[Name],[Url],[PathUrl],[Description],[Icon],[OrderNo],[IsShow],[CreateID],[Creator],[CreateTime],[ModifyID],[Modifier],[ModifyTime],[ID],[Status],[DeleteTime],[Deleter],[DeleterID] FROM [SysMenu]  WHERE [ID] IN (@InPara0)  
--------------------------------
2019/12/17 17:30:11|
【SQL参数】：@Status0:1

【SQL语句】：SELECT [ParentId],[MenuId],[Name],[Url],[PathUrl],[Description],[Icon],[OrderNo],[IsShow],[CreateID],[Creator],[CreateTime],[ModifyID],[Modifier],[ModifyTime],[ID],[Status],[DeleteTime],[Deleter],[DeleterID] FROM [SysMenu]  WHERE ( [Status] = @Status0 )
--------------------------------
2019/12/17 17:30:16|
【SQL参数】：@InPara0:ad53afaf-4ca4-4ced-9126-a7e71473dd42

【SQL语句】：SELECT [ParentId],[MenuId],[Name],[Url],[PathUrl],[Description],[Icon],[OrderNo],[IsShow],[CreateID],[Creator],[CreateTime],[ModifyID],[Modifier],[ModifyTime],[ID],[Status],[DeleteTime],[Deleter],[DeleterID] FROM [SysMenu]  WHERE [ID] IN (@InPara0)  
--------------------------------
2019/12/17 17:30:16|
【SQL参数】：@Status1:1

【SQL语句】：SELECT [SysPowerGroupID],[Name],[ApiUrl],[IsOpen],[CreateID],[Creator],[CreateTime],[ModifyID],[Modifier],[ModifyTime],[ID],[Status],[DeleteTime],[Deleter],[DeleterID] FROM [SysPower]  WHERE (([SysPowerGroupID] IN ('9285fad0-8c45-2a05-80da-7ed0ab14c61b','9122b35e-5f55-14f7-e333-ae2099d416a3')) AND( [Status] = @Status1 ))
--------------------------------
2019/12/17 17:30:27|
【SQL参数】：@InPara0:ad53afaf-4ca4-4ced-9126-a7e71473dd42

【SQL语句】：SELECT [ParentId],[MenuId],[Name],[Url],[PathUrl],[Description],[Icon],[OrderNo],[IsShow],[CreateID],[Creator],[CreateTime],[ModifyID],[Modifier],[ModifyTime],[ID],[Status],[DeleteTime],[Deleter],[DeleterID] FROM [SysMenu]  WHERE [ID] IN (@InPara0)  
--------------------------------
2019/12/17 17:31:03|
【SQL参数】：@InPara0:ad53afaf-4ca4-4ced-9126-a7e71473dd42

【SQL语句】：SELECT [ParentId],[MenuId],[Name],[Url],[PathUrl],[Description],[Icon],[OrderNo],[IsShow],[CreateID],[Creator],[CreateTime],[ModifyID],[Modifier],[ModifyTime],[ID],[Status],[DeleteTime],[Deleter],[DeleterID] FROM [SysMenu]  WHERE [ID] IN (@InPara0)  
--------------------------------
2019/12/17 17:31:14|
【SQL参数】：@InPara0:ad53afaf-4ca4-4ced-9126-a7e71473dd42

【SQL语句】：SELECT [ParentId],[MenuId],[Name],[Url],[PathUrl],[Description],[Icon],[OrderNo],[IsShow],[CreateID],[Creator],[CreateTime],[ModifyID],[Modifier],[ModifyTime],[ID],[Status],[DeleteTime],[Deleter],[DeleterID] FROM [SysMenu]  WHERE [ID] IN (@InPara0)  
--------------------------------
2019/12/17 17:31:39|
【SQL参数】：@InPara0:ad53afaf-4ca4-4ced-9126-a7e71473dd42

【SQL语句】：SELECT [ParentId],[MenuId],[Name],[Url],[PathUrl],[Description],[Icon],[OrderNo],[IsShow],[CreateID],[Creator],[CreateTime],[ModifyID],[Modifier],[ModifyTime],[ID],[Status],[DeleteTime],[Deleter],[DeleterID] FROM [SysMenu]  WHERE [ID] IN (@InPara0)  
--------------------------------
2019/12/17 17:31:49|
【SQL参数】：@InPara0:ad53afaf-4ca4-4ced-9126-a7e71473dd42

【SQL语句】：SELECT [ParentId],[MenuId],[Name],[Url],[PathUrl],[Description],[Icon],[OrderNo],[IsShow],[CreateID],[Creator],[CreateTime],[ModifyID],[Modifier],[ModifyTime],[ID],[Status],[DeleteTime],[Deleter],[DeleterID] FROM [SysMenu]  WHERE [ID] IN (@InPara0)  
--------------------------------
2019/12/17 17:31:49|
【SQL参数】：@Status1:1

【SQL语句】：SELECT [SysPowerGroupID],[Name],[ApiUrl],[IsOpen],[CreateID],[Creator],[CreateTime],[ModifyID],[Modifier],[ModifyTime],[ID],[Status],[DeleteTime],[Deleter],[DeleterID] FROM [SysPower]  WHERE (([SysPowerGroupID] IN ('7c424ecf-10cc-09bc-ebdc-da18ce70a607','3a05eebb-d5b5-7a56-731d-1e6f02831883')) AND( [Status] = @Status1 ))
--------------------------------
2019/12/17 17:32:15|
【SQL参数】：@InPara0:ad53afaf-4ca4-4ced-9126-a7e71473dd42

【SQL语句】：SELECT [ParentId],[MenuId],[Name],[Url],[PathUrl],[Description],[Icon],[OrderNo],[IsShow],[CreateID],[Creator],[CreateTime],[ModifyID],[Modifier],[ModifyTime],[ID],[Status],[DeleteTime],[Deleter],[DeleterID] FROM [SysMenu]  WHERE [ID] IN (@InPara0)  
--------------------------------
2019/12/17 17:32:18|
【SQL参数】：
【SQL语句】：INSERT [SysMenuPowerGroup]  ([SysMenuID],[SysPowerGroupID],[CreateID],[Creator],[CreateTime],[ModifyID],[Modifier],[ModifyTime],[ID],[Status],[DeleteTime],[Deleter],[DeleterID])
 SELECT N'ad53afaf-4ca4-4ced-9126-a7e71473dd42' AS [SysMenuID],N'7c424ecf-10cc-09bc-ebdc-da18ce70a607' AS [SysPowerGroupID],N'1' AS [CreateID],N'admin' AS [Creator],'2019-12-17 17:32:15.390' AS [CreateTime],NULL AS [ModifyID],NULL AS [Modifier],NULL AS [ModifyTime],N'a1afe011-98ac-4317-a834-fbc3e29419eb' AS [ID],N'1' AS [Status],NULL AS [DeleteTime],NULL AS [Deleter],NULL AS [DeleterID]	
UNION ALL 
 SELECT N'ad53afaf-4ca4-4ced-9126-a7e71473dd42' AS [SysMenuID],N'3a05eebb-d5b5-7a56-731d-1e6f02831883' AS [SysPowerGroupID],N'1' AS [CreateID],N'admin' AS [Creator],'2019-12-17 17:32:15.390' AS [CreateTime],NULL AS [ModifyID],NULL AS [Modifier],NULL AS [ModifyTime],N'cb14d368-f728-400c-aa99-08d902061c75' AS [ID],N'1' AS [Status],NULL AS [DeleteTime],NULL AS [Deleter],NULL AS [DeleterID]	
UNION ALL 
 SELECT N'ad53afaf-4ca4-4ced-9126-a7e71473dd42' AS [SysMenuID],N'9e1cbfea-330f-9f34-701e-b82f917a7a9f' AS [SysPowerGroupID],N'1' AS [CreateID],N'admin' AS [Creator],'2019-12-17 17:32:15.390' AS [CreateTime],NULL AS [ModifyID],NULL AS [Modifier],NULL AS [ModifyTime],N'e783fd85-7942-4b67-a051-c640af61a3ca' AS [ID],N'1' AS [Status],NULL AS [DeleteTime],NULL AS [Deleter],NULL AS [DeleterID]
;

--------------------------------
2019/12/17 17:32:20|
【SQL参数】：
【SQL语句】：INSERT [SysPower]  ([SysPowerGroupID],[Name],[ApiUrl],[IsOpen],[CreateID],[Creator],[CreateTime],[ModifyID],[Modifier],[ModifyTime],[ID],[Status],[DeleteTime],[Deleter],[DeleterID])
 SELECT N'7c424ecf-10cc-09bc-ebdc-da18ce70a607' AS [SysPowerGroupID],N'cs' AS [Name],N'2' AS [ApiUrl],0 AS [IsOpen],N'1' AS [CreateID],N'admin' AS [Creator],'2019-12-17 17:32:15.390' AS [CreateTime],NULL AS [ModifyID],NULL AS [Modifier],NULL AS [ModifyTime],N'610c53b7-da25-3dcb-b5d5-97e386f7c451' AS [ID],N'1' AS [Status],NULL AS [DeleteTime],NULL AS [Deleter],NULL AS [DeleterID]	
UNION ALL 
 SELECT N'7c424ecf-10cc-09bc-ebdc-da18ce70a607' AS [SysPowerGroupID],N'c' AS [Name],N'1' AS [ApiUrl],0 AS [IsOpen],N'1' AS [CreateID],N'admin' AS [Creator],'2019-12-17 17:32:15.390' AS [CreateTime],NULL AS [ModifyID],NULL AS [Modifier],NULL AS [ModifyTime],N'6df41356-d320-b5ae-00ba-1ac0a640715a' AS [ID],N'1' AS [Status],NULL AS [DeleteTime],NULL AS [Deleter],NULL AS [DeleterID]	
UNION ALL 
 SELECT N'3a05eebb-d5b5-7a56-731d-1e6f02831883' AS [SysPowerGroupID],N'c2' AS [Name],N'c' AS [ApiUrl],0 AS [IsOpen],N'1' AS [CreateID],N'admin' AS [Creator],'2019-12-17 17:32:15.390' AS [CreateTime],NULL AS [ModifyID],NULL AS [Modifier],NULL AS [ModifyTime],N'8aaa4946-320e-37ee-9b26-87fca04f3672' AS [ID],N'1' AS [Status],NULL AS [DeleteTime],NULL AS [Deleter],NULL AS [DeleterID]	
UNION ALL 
 SELECT N'3a05eebb-d5b5-7a56-731d-1e6f02831883' AS [SysPowerGroupID],N's2' AS [Name],N's' AS [ApiUrl],1 AS [IsOpen],N'1' AS [CreateID],N'admin' AS [Creator],'2019-12-17 17:32:15.390' AS [CreateTime],NULL AS [ModifyID],NULL AS [Modifier],NULL AS [ModifyTime],N'b36ae8a7-5aa9-d990-7329-46e554beafaa' AS [ID],N'1' AS [Status],NULL AS [DeleteTime],NULL AS [Deleter],NULL AS [DeleterID]	
UNION ALL 
 SELECT N'9e1cbfea-330f-9f34-701e-b82f917a7a9f' AS [SysPowerGroupID],N'12' AS [Name],N'12' AS [ApiUrl],0 AS [IsOpen],N'1' AS [CreateID],N'admin' AS [Creator],'2019-12-17 17:32:15.390' AS [CreateTime],NULL AS [ModifyID],NULL AS [Modifier],NULL AS [ModifyTime],N'c7d67c87-3fa0-177e-93b5-9139323aea91' AS [ID],N'1' AS [Status],NULL AS [DeleteTime],NULL AS [Deleter],NULL AS [DeleterID]
;

--------------------------------
2019/12/17 17:32:40|
【SQL参数】：@InPara0:ad53afaf-4ca4-4ced-9126-a7e71473dd42

【SQL语句】：SELECT [ParentId],[MenuId],[Name],[Url],[PathUrl],[Description],[Icon],[OrderNo],[IsShow],[CreateID],[Creator],[CreateTime],[ModifyID],[Modifier],[ModifyTime],[ID],[Status],[DeleteTime],[Deleter],[DeleterID] FROM [SysMenu]  WHERE [ID] IN (@InPara0)  
--------------------------------
2019/12/17 17:32:42|
【SQL参数】：
【SQL语句】：DELETE FROM [SysPowerGroup] WHERE [ID] IN ('7c424ecf-10cc-09bc-ebdc-da18ce70a607','3a05eebb-d5b5-7a56-731d-1e6f02831883','9e1cbfea-330f-9f34-701e-b82f917a7a9f') 
--------------------------------
2019/12/17 17:32:45|
【SQL参数】：
【SQL语句】：INSERT [SysMenuPowerGroup]  ([SysMenuID],[SysPowerGroupID],[CreateID],[Creator],[CreateTime],[ModifyID],[Modifier],[ModifyTime],[ID],[Status],[DeleteTime],[Deleter],[DeleterID])
 SELECT N'ad53afaf-4ca4-4ced-9126-a7e71473dd42' AS [SysMenuID],N'7c424ecf-10cc-09bc-ebdc-da18ce70a607' AS [SysPowerGroupID],N'1' AS [CreateID],N'admin' AS [Creator],'2019-12-17 17:32:40.740' AS [CreateTime],NULL AS [ModifyID],NULL AS [Modifier],NULL AS [ModifyTime],N'75f27a12-f869-4e99-928a-d9c0dc0e33bc' AS [ID],N'1' AS [Status],NULL AS [DeleteTime],NULL AS [Deleter],NULL AS [DeleterID]	
UNION ALL 
 SELECT N'ad53afaf-4ca4-4ced-9126-a7e71473dd42' AS [SysMenuID],N'3a05eebb-d5b5-7a56-731d-1e6f02831883' AS [SysPowerGroupID],N'1' AS [CreateID],N'admin' AS [Creator],'2019-12-17 17:32:40.740' AS [CreateTime],NULL AS [ModifyID],NULL AS [Modifier],NULL AS [ModifyTime],N'2b9240f5-57c5-4691-a0da-0287cb9fe086' AS [ID],N'1' AS [Status],NULL AS [DeleteTime],NULL AS [Deleter],NULL AS [DeleterID]	
UNION ALL 
 SELECT N'ad53afaf-4ca4-4ced-9126-a7e71473dd42' AS [SysMenuID],N'9e1cbfea-330f-9f34-701e-b82f917a7a9f' AS [SysPowerGroupID],N'1' AS [CreateID],N'admin' AS [Creator],'2019-12-17 17:32:40.740' AS [CreateTime],NULL AS [ModifyID],NULL AS [Modifier],NULL AS [ModifyTime],N'c5008cbb-8451-44ca-b624-7c976b8ce964' AS [ID],N'1' AS [Status],NULL AS [DeleteTime],NULL AS [Deleter],NULL AS [DeleterID]
;

--------------------------------
2019/12/17 17:32:46|
【SQL参数】：
【SQL语句】：INSERT [SysPowerGroup]  ([Name],[OrderNo],[CreateID],[Creator],[CreateTime],[ModifyID],[Modifier],[ModifyTime],[ID],[Status],[DeleteTime],[Deleter],[DeleterID])
 SELECT N'ces' AS [Name],N'1' AS [OrderNo],N'1' AS [CreateID],N'admin' AS [Creator],'2019-12-17 17:32:40.740' AS [CreateTime],NULL AS [ModifyID],NULL AS [Modifier],NULL AS [ModifyTime],N'7c424ecf-10cc-09bc-ebdc-da18ce70a607' AS [ID],N'1' AS [Status],NULL AS [DeleteTime],NULL AS [Deleter],NULL AS [DeleterID]	
UNION ALL 
 SELECT N'ces2' AS [Name],N'2' AS [OrderNo],N'1' AS [CreateID],N'admin' AS [Creator],'2019-12-17 17:32:40.740' AS [CreateTime],NULL AS [ModifyID],NULL AS [Modifier],NULL AS [ModifyTime],N'3a05eebb-d5b5-7a56-731d-1e6f02831883' AS [ID],N'1' AS [Status],NULL AS [DeleteTime],NULL AS [Deleter],NULL AS [DeleterID]	
UNION ALL 
 SELECT N'es' AS [Name],N'12' AS [OrderNo],N'1' AS [CreateID],N'admin' AS [Creator],'2019-12-17 17:32:40.740' AS [CreateTime],NULL AS [ModifyID],NULL AS [Modifier],NULL AS [ModifyTime],N'9e1cbfea-330f-9f34-701e-b82f917a7a9f' AS [ID],N'1' AS [Status],NULL AS [DeleteTime],NULL AS [Deleter],NULL AS [DeleterID]
;

--------------------------------
2019/12/17 17:33:16|
【SQL参数】：@InPara0:ad53afaf-4ca4-4ced-9126-a7e71473dd42

【SQL语句】：SELECT [ParentId],[MenuId],[Name],[Url],[PathUrl],[Description],[Icon],[OrderNo],[IsShow],[CreateID],[Creator],[CreateTime],[ModifyID],[Modifier],[ModifyTime],[ID],[Status],[DeleteTime],[Deleter],[DeleterID] FROM [SysMenu]  WHERE [ID] IN (@InPara0)  
--------------------------------
2019/12/17 17:35:07|
【SQL参数】：
【SQL语句】：SELECT [UserName],[UserPwd],[RoleId],[RoleName],[LastLoginDate],[LastModifyPwdDate],[ErrorCount],[LastLoginFailDate],[HeadPicUrl],[Sex],[Age],[Birth],[Address],[Mobile],[Email],[Remark],[CreateID],[Creator],[CreateTime],[ModifyID],[Modifier],[ModifyTime],[ID],[Status],[DeleteTime],[Deleter],[DeleterID] FROM [SysUser] 
--------------------------------
2019/12/17 17:35:08|
【SQL参数】：@Status0:1

【SQL语句】：SELECT [ParentId],[MenuId],[Name],[Url],[PathUrl],[Description],[Icon],[OrderNo],[IsShow],[CreateID],[Creator],[CreateTime],[ModifyID],[Modifier],[ModifyTime],[ID],[Status],[DeleteTime],[Deleter],[DeleterID] FROM [SysMenu]  WHERE ( [Status] = @Status0 )
--------------------------------
2019/12/17 17:35:10|
【SQL参数】：@InPara0:ad53afaf-4ca4-4ced-9126-a7e71473dd42

【SQL语句】：SELECT [ParentId],[MenuId],[Name],[Url],[PathUrl],[Description],[Icon],[OrderNo],[IsShow],[CreateID],[Creator],[CreateTime],[ModifyID],[Modifier],[ModifyTime],[ID],[Status],[DeleteTime],[Deleter],[DeleterID] FROM [SysMenu]  WHERE [ID] IN (@InPara0)  
--------------------------------
2019/12/17 17:35:10|
【SQL参数】：@InPara0:7c424ecf-10cc-09bc-ebdc-da18ce70a607

【SQL语句】：SELECT [Name],[OrderNo],[CreateID],[Creator],[CreateTime],[ModifyID],[Modifier],[ModifyTime],[ID],[Status],[DeleteTime],[Deleter],[DeleterID] FROM [SysPowerGroup]  WHERE [ID] IN (@InPara0)  
--------------------------------
2019/12/17 17:35:27|
【SQL参数】：@InPara0:ad53afaf-4ca4-4ced-9126-a7e71473dd42

【SQL语句】：SELECT [ParentId],[MenuId],[Name],[Url],[PathUrl],[Description],[Icon],[OrderNo],[IsShow],[CreateID],[Creator],[CreateTime],[ModifyID],[Modifier],[ModifyTime],[ID],[Status],[DeleteTime],[Deleter],[DeleterID] FROM [SysMenu]  WHERE [ID] IN (@InPara0)  
--------------------------------
2019/12/17 17:35:27|
【SQL参数】：
【SQL语句】：DELETE FROM [SysMenuPowerGroup] WHERE [ID] IN ('2b9240f5-57c5-4691-a0da-0287cb9fe086','75f27a12-f869-4e99-928a-d9c0dc0e33bc','c5008cbb-8451-44ca-b624-7c976b8ce964') 
--------------------------------
2019/12/17 17:35:27|
【SQL参数】：
【SQL语句】：INSERT [SysPowerGroup]  ([Name],[OrderNo],[CreateID],[Creator],[CreateTime],[ModifyID],[Modifier],[ModifyTime],[ID],[Status],[DeleteTime],[Deleter],[DeleterID])
 SELECT N'ces2' AS [Name],N'2' AS [OrderNo],N'1' AS [CreateID],N'admin' AS [Creator],'2019-12-17 17:35:27.108' AS [CreateTime],NULL AS [ModifyID],NULL AS [Modifier],NULL AS [ModifyTime],N'3a05eebb-d5b5-7a56-731d-1e6f02831883' AS [ID],N'1' AS [Status],NULL AS [DeleteTime],NULL AS [Deleter],NULL AS [DeleterID]	
UNION ALL 
 SELECT N'ces' AS [Name],N'1' AS [OrderNo],N'1' AS [CreateID],N'admin' AS [Creator],'2019-12-17 17:35:27.108' AS [CreateTime],NULL AS [ModifyID],NULL AS [Modifier],NULL AS [ModifyTime],N'7c424ecf-10cc-09bc-ebdc-da18ce70a607' AS [ID],N'1' AS [Status],NULL AS [DeleteTime],NULL AS [Deleter],NULL AS [DeleterID]	
UNION ALL 
 SELECT N'es' AS [Name],N'12' AS [OrderNo],N'1' AS [CreateID],N'admin' AS [Creator],'2019-12-17 17:35:27.108' AS [CreateTime],NULL AS [ModifyID],NULL AS [Modifier],NULL AS [ModifyTime],N'9e1cbfea-330f-9f34-701e-b82f917a7a9f' AS [ID],N'1' AS [Status],NULL AS [DeleteTime],NULL AS [Deleter],NULL AS [DeleterID]
;

--------------------------------
2019/12/17 17:35:27|
【SQL参数】：
【SQL语句】：INSERT [SysPower]  ([SysPowerGroupID],[Name],[ApiUrl],[IsOpen],[CreateID],[Creator],[CreateTime],[ModifyID],[Modifier],[ModifyTime],[ID],[Status],[DeleteTime],[Deleter],[DeleterID])
 SELECT N'3a05eebb-d5b5-7a56-731d-1e6f02831883' AS [SysPowerGroupID],N'c2' AS [Name],N'c' AS [ApiUrl],0 AS [IsOpen],N'1' AS [CreateID],N'admin' AS [Creator],'2019-12-17 17:35:27.108' AS [CreateTime],NULL AS [ModifyID],NULL AS [Modifier],NULL AS [ModifyTime],N'8aaa4946-320e-37ee-9b26-87fca04f3672' AS [ID],N'1' AS [Status],NULL AS [DeleteTime],NULL AS [Deleter],NULL AS [DeleterID]	
UNION ALL 
 SELECT N'3a05eebb-d5b5-7a56-731d-1e6f02831883' AS [SysPowerGroupID],N's2' AS [Name],N's' AS [ApiUrl],1 AS [IsOpen],N'1' AS [CreateID],N'admin' AS [Creator],'2019-12-17 17:35:27.108' AS [CreateTime],NULL AS [ModifyID],NULL AS [Modifier],NULL AS [ModifyTime],N'b36ae8a7-5aa9-d990-7329-46e554beafaa' AS [ID],N'1' AS [Status],NULL AS [DeleteTime],NULL AS [Deleter],NULL AS [DeleterID]	
UNION ALL 
 SELECT N'7c424ecf-10cc-09bc-ebdc-da18ce70a607' AS [SysPowerGroupID],N'cs' AS [Name],N'2' AS [ApiUrl],0 AS [IsOpen],N'1' AS [CreateID],N'admin' AS [Creator],'2019-12-17 17:35:27.108' AS [CreateTime],NULL AS [ModifyID],NULL AS [Modifier],NULL AS [ModifyTime],N'610c53b7-da25-3dcb-b5d5-97e386f7c451' AS [ID],N'1' AS [Status],NULL AS [DeleteTime],NULL AS [Deleter],NULL AS [DeleterID]	
UNION ALL 
 SELECT N'7c424ecf-10cc-09bc-ebdc-da18ce70a607' AS [SysPowerGroupID],N'c' AS [Name],N'1' AS [ApiUrl],0 AS [IsOpen],N'1' AS [CreateID],N'admin' AS [Creator],'2019-12-17 17:35:27.108' AS [CreateTime],NULL AS [ModifyID],NULL AS [Modifier],NULL AS [ModifyTime],N'6df41356-d320-b5ae-00ba-1ac0a640715a' AS [ID],N'1' AS [Status],NULL AS [DeleteTime],NULL AS [Deleter],NULL AS [DeleterID]	
UNION ALL 
 SELECT N'9e1cbfea-330f-9f34-701e-b82f917a7a9f' AS [SysPowerGroupID],N'12' AS [Name],N'12' AS [ApiUrl],0 AS [IsOpen],N'1' AS [CreateID],N'admin' AS [Creator],'2019-12-17 17:35:27.108' AS [CreateTime],NULL AS [ModifyID],NULL AS [Modifier],NULL AS [ModifyTime],N'c7d67c87-3fa0-177e-93b5-9139323aea91' AS [ID],N'1' AS [Status],NULL AS [DeleteTime],NULL AS [Deleter],NULL AS [DeleterID]
;

--------------------------------
2019/12/17 17:35:53|
【SQL参数】：@InPara0:ad53afaf-4ca4-4ced-9126-a7e71473dd42

【SQL语句】：SELECT [ParentId],[MenuId],[Name],[Url],[PathUrl],[Description],[Icon],[OrderNo],[IsShow],[CreateID],[Creator],[CreateTime],[ModifyID],[Modifier],[ModifyTime],[ID],[Status],[DeleteTime],[Deleter],[DeleterID] FROM [SysMenu]  WHERE [ID] IN (@InPara0)  
--------------------------------
2019/12/17 17:35:53|
【SQL参数】：
【SQL语句】：DELETE FROM [SysPowerGroup] WHERE [ID] IN ('9e1cbfea-330f-9f34-701e-b82f917a7a9f','7c424ecf-10cc-09bc-ebdc-da18ce70a607','3a05eebb-d5b5-7a56-731d-1e6f02831883') 
--------------------------------
2019/12/17 17:35:53|
【SQL参数】：@Status1:1

【SQL语句】：SELECT [SysPowerGroupID],[Name],[ApiUrl],[IsOpen],[CreateID],[Creator],[CreateTime],[ModifyID],[Modifier],[ModifyTime],[ID],[Status],[DeleteTime],[Deleter],[DeleterID] FROM [SysPower]  WHERE (([SysPowerGroupID] IN ('9e1cbfea-330f-9f34-701e-b82f917a7a9f','7c424ecf-10cc-09bc-ebdc-da18ce70a607','3a05eebb-d5b5-7a56-731d-1e6f02831883')) AND( [Status] = @Status1 ))
--------------------------------
2019/12/17 17:35:53|
【SQL参数】：
【SQL语句】：DELETE FROM [SysPower] WHERE [ID] IN ('610c53b7-da25-3dcb-b5d5-97e386f7c451','6df41356-d320-b5ae-00ba-1ac0a640715a','8aaa4946-320e-37ee-9b26-87fca04f3672','b36ae8a7-5aa9-d990-7329-46e554beafaa','c7d67c87-3fa0-177e-93b5-9139323aea91') 
--------------------------------
2019/12/17 17:36:08|
【SQL参数】：@InPara0:ad53afaf-4ca4-4ced-9126-a7e71473dd42

【SQL语句】：SELECT [ParentId],[MenuId],[Name],[Url],[PathUrl],[Description],[Icon],[OrderNo],[IsShow],[CreateID],[Creator],[CreateTime],[ModifyID],[Modifier],[ModifyTime],[ID],[Status],[DeleteTime],[Deleter],[DeleterID] FROM [SysMenu]  WHERE [ID] IN (@InPara0)  
--------------------------------
2019/12/17 17:38:35|
【SQL参数】：@InPara0:ad53afaf-4ca4-4ced-9126-a7e71473dd42

【SQL语句】：SELECT [ParentId],[MenuId],[Name],[Url],[PathUrl],[Description],[Icon],[OrderNo],[IsShow],[CreateID],[Creator],[CreateTime],[ModifyID],[Modifier],[ModifyTime],[ID],[Status],[DeleteTime],[Deleter],[DeleterID] FROM [SysMenu]  WHERE [ID] IN (@InPara0)  
--------------------------------
2019/12/17 17:38:35|
【SQL参数】：
【SQL语句】：DELETE FROM [SysMenuPowerGroup] WHERE [ID] IN ('05d77e59-0d11-4495-85d5-edfe93117fbe','cfa2c117-7583-4475-9f62-eddf0b41f9cf','eeb05523-bfb8-4da2-aed2-ac514e7a167d') 
--------------------------------
2019/12/17 17:39:01|
【SQL参数】：@InPara0:ad53afaf-4ca4-4ced-9126-a7e71473dd42

【SQL语句】：SELECT [ParentId],[MenuId],[Name],[Url],[PathUrl],[Description],[Icon],[OrderNo],[IsShow],[CreateID],[Creator],[CreateTime],[ModifyID],[Modifier],[ModifyTime],[ID],[Status],[DeleteTime],[Deleter],[DeleterID] FROM [SysMenu]  WHERE [ID] IN (@InPara0)  
--------------------------------
2019/12/17 17:39:11|
【SQL参数】：@InPara0:ad53afaf-4ca4-4ced-9126-a7e71473dd42

【SQL语句】：SELECT [ParentId],[MenuId],[Name],[Url],[PathUrl],[Description],[Icon],[OrderNo],[IsShow],[CreateID],[Creator],[CreateTime],[ModifyID],[Modifier],[ModifyTime],[ID],[Status],[DeleteTime],[Deleter],[DeleterID] FROM [SysMenu]  WHERE [ID] IN (@InPara0)  
--------------------------------
2019/12/17 17:39:51|
【SQL参数】：@InPara0:ad53afaf-4ca4-4ced-9126-a7e71473dd42

【SQL语句】：SELECT [ParentId],[MenuId],[Name],[Url],[PathUrl],[Description],[Icon],[OrderNo],[IsShow],[CreateID],[Creator],[CreateTime],[ModifyID],[Modifier],[ModifyTime],[ID],[Status],[DeleteTime],[Deleter],[DeleterID] FROM [SysMenu]  WHERE [ID] IN (@InPara0)  
--------------------------------
2019/12/17 17:40:15|
【SQL参数】：@InPara0:ad53afaf-4ca4-4ced-9126-a7e71473dd42

【SQL语句】：SELECT [ParentId],[MenuId],[Name],[Url],[PathUrl],[Description],[Icon],[OrderNo],[IsShow],[CreateID],[Creator],[CreateTime],[ModifyID],[Modifier],[ModifyTime],[ID],[Status],[DeleteTime],[Deleter],[DeleterID] FROM [SysMenu]  WHERE [ID] IN (@InPara0)  
--------------------------------
2019/12/17 17:40:32|
【SQL参数】：@InPara0:ad53afaf-4ca4-4ced-9126-a7e71473dd42

【SQL语句】：SELECT [ParentId],[MenuId],[Name],[Url],[PathUrl],[Description],[Icon],[OrderNo],[IsShow],[CreateID],[Creator],[CreateTime],[ModifyID],[Modifier],[ModifyTime],[ID],[Status],[DeleteTime],[Deleter],[DeleterID] FROM [SysMenu]  WHERE [ID] IN (@InPara0)  
--------------------------------
2019/12/17 18:01:10|
【SQL参数】：
【SQL语句】：SELECT [UserName],[UserPwd],[RoleId],[RoleName],[LastLoginDate],[LastModifyPwdDate],[ErrorCount],[LastLoginFailDate],[HeadPicUrl],[Sex],[Age],[Birth],[Address],[Mobile],[Email],[Remark],[CreateID],[Creator],[CreateTime],[ModifyID],[Modifier],[ModifyTime],[ID],[Status],[DeleteTime],[Deleter],[DeleterID] FROM [SysUser] 
--------------------------------
2019/12/17 18:01:10|
【SQL参数】：@Status0:1

【SQL语句】：SELECT [ParentId],[MenuId],[Name],[Url],[PathUrl],[Description],[Icon],[OrderNo],[IsShow],[CreateID],[Creator],[CreateTime],[ModifyID],[Modifier],[ModifyTime],[ID],[Status],[DeleteTime],[Deleter],[DeleterID] FROM [SysMenu]  WHERE ( [Status] = @Status0 )
--------------------------------
2019/12/17 18:01:11|
【SQL参数】：@InPara0:ad53afaf-4ca4-4ced-9126-a7e71473dd42

【SQL语句】：SELECT [ParentId],[MenuId],[Name],[Url],[PathUrl],[Description],[Icon],[OrderNo],[IsShow],[CreateID],[Creator],[CreateTime],[ModifyID],[Modifier],[ModifyTime],[ID],[Status],[DeleteTime],[Deleter],[DeleterID] FROM [SysMenu]  WHERE [ID] IN (@InPara0)  
--------------------------------
2019/12/17 18:01:11|
【SQL参数】：@Status1:1

【SQL语句】：SELECT [SysPowerGroupID],[Name],[ApiUrl],[IsOpen],[CreateID],[Creator],[CreateTime],[ModifyID],[Modifier],[ModifyTime],[ID],[Status],[DeleteTime],[Deleter],[DeleterID] FROM [SysPower]  WHERE (([SysPowerGroupID] IN ('19f90023-641c-ea58-72f5-a6c473672dd2','fe95e797-007d-92e4-014a-6c202ae8fec6','fa3510f8-091f-81f4-9353-8f75f455f0b4')) AND( [Status] = @Status1 ))
--------------------------------
2019/12/17 18:01:12|
【SQL参数】：@InPara0:19f90023-641c-ea58-72f5-a6c473672dd2

【SQL语句】：SELECT [Name],[OrderNo],[CreateID],[Creator],[CreateTime],[ModifyID],[Modifier],[ModifyTime],[ID],[Status],[DeleteTime],[Deleter],[DeleterID] FROM [SysPowerGroup]  WHERE [ID] IN (@InPara0)  
--------------------------------
2019/12/17 18:01:12|
【SQL参数】：@InPara0:fe95e797-007d-92e4-014a-6c202ae8fec6

【SQL语句】：SELECT [Name],[OrderNo],[CreateID],[Creator],[CreateTime],[ModifyID],[Modifier],[ModifyTime],[ID],[Status],[DeleteTime],[Deleter],[DeleterID] FROM [SysPowerGroup]  WHERE [ID] IN (@InPara0)  
--------------------------------
2019/12/17 18:01:32|
【SQL参数】：@InPara0:ad53afaf-4ca4-4ced-9126-a7e71473dd42

【SQL语句】：SELECT [ParentId],[MenuId],[Name],[Url],[PathUrl],[Description],[Icon],[OrderNo],[IsShow],[CreateID],[Creator],[CreateTime],[ModifyID],[Modifier],[ModifyTime],[ID],[Status],[DeleteTime],[Deleter],[DeleterID] FROM [SysMenu]  WHERE [ID] IN (@InPara0)  
--------------------------------
2019/12/17 18:01:32|
【SQL参数】：
【SQL语句】：DELETE FROM [SysPowerGroup] WHERE [ID] IN ('19f90023-641c-ea58-72f5-a6c473672dd2','fe95e797-007d-92e4-014a-6c202ae8fec6','fa3510f8-091f-81f4-9353-8f75f455f0b4') 
--------------------------------
2019/12/17 18:01:32|
【SQL参数】：@Status1:1

【SQL语句】：SELECT [SysPowerGroupID],[Name],[ApiUrl],[IsOpen],[CreateID],[Creator],[CreateTime],[ModifyID],[Modifier],[ModifyTime],[ID],[Status],[DeleteTime],[Deleter],[DeleterID] FROM [SysPower]  WHERE (([SysPowerGroupID] IN ('19f90023-641c-ea58-72f5-a6c473672dd2','fe95e797-007d-92e4-014a-6c202ae8fec6','fa3510f8-091f-81f4-9353-8f75f455f0b4')) AND( [Status] = @Status1 ))
--------------------------------
2019/12/17 18:01:32|
【SQL参数】：
【SQL语句】：INSERT [SysPowerGroup]  ([Name],[OrderNo],[CreateID],[Creator],[CreateTime],[ModifyID],[Modifier],[ModifyTime],[ID],[Status],[DeleteTime],[Deleter],[DeleterID])
 SELECT N'1' AS [Name],N'1' AS [OrderNo],N'1' AS [CreateID],N'admin' AS [Creator],'2019-12-17 18:01:32.553' AS [CreateTime],NULL AS [ModifyID],NULL AS [Modifier],NULL AS [ModifyTime],N'19f90023-641c-ea58-72f5-a6c473672dd2' AS [ID],N'1' AS [Status],NULL AS [DeleteTime],NULL AS [Deleter],NULL AS [DeleterID]	
UNION ALL 
 SELECT N'3' AS [Name],N'1' AS [OrderNo],N'1' AS [CreateID],N'admin' AS [Creator],'2019-12-17 18:01:32.553' AS [CreateTime],NULL AS [ModifyID],NULL AS [Modifier],NULL AS [ModifyTime],N'fe95e797-007d-92e4-014a-6c202ae8fec6' AS [ID],N'1' AS [Status],NULL AS [DeleteTime],NULL AS [Deleter],NULL AS [DeleterID]	
UNION ALL 
 SELECT N'2' AS [Name],N'1' AS [OrderNo],N'1' AS [CreateID],N'admin' AS [Creator],'2019-12-17 18:01:32.553' AS [CreateTime],NULL AS [ModifyID],NULL AS [Modifier],NULL AS [ModifyTime],N'fa3510f8-091f-81f4-9353-8f75f455f0b4' AS [ID],N'1' AS [Status],NULL AS [DeleteTime],NULL AS [Deleter],NULL AS [DeleterID]
;

--------------------------------
2019/12/17 18:01:32|
【SQL参数】：
【SQL语句】：INSERT [SysPower]  ([SysPowerGroupID],[Name],[ApiUrl],[IsOpen],[CreateID],[Creator],[CreateTime],[ModifyID],[Modifier],[ModifyTime],[ID],[Status],[DeleteTime],[Deleter],[DeleterID])
 SELECT N'19f90023-641c-ea58-72f5-a6c473672dd2' AS [SysPowerGroupID],N'1' AS [Name],N'1' AS [ApiUrl],0 AS [IsOpen],N'1' AS [CreateID],N'admin' AS [Creator],'2019-12-17 18:01:32.553' AS [CreateTime],NULL AS [ModifyID],NULL AS [Modifier],NULL AS [ModifyTime],N'1ef62e43-53f4-91ab-bada-349697144735' AS [ID],N'1' AS [Status],NULL AS [DeleteTime],NULL AS [Deleter],NULL AS [DeleterID]	
UNION ALL 
 SELECT N'fe95e797-007d-92e4-014a-6c202ae8fec6' AS [SysPowerGroupID],N'1' AS [Name],N'1' AS [ApiUrl],0 AS [IsOpen],N'1' AS [CreateID],N'admin' AS [Creator],'2019-12-17 18:01:32.553' AS [CreateTime],NULL AS [ModifyID],NULL AS [Modifier],NULL AS [ModifyTime],N'b3ae98c3-f758-6a08-91c2-27e6b18e659e' AS [ID],N'1' AS [Status],NULL AS [DeleteTime],NULL AS [Deleter],NULL AS [DeleterID]	
UNION ALL 
 SELECT N'fa3510f8-091f-81f4-9353-8f75f455f0b4' AS [SysPowerGroupID],N'2' AS [Name],N'1' AS [ApiUrl],0 AS [IsOpen],N'1' AS [CreateID],N'admin' AS [Creator],'2019-12-17 18:01:32.553' AS [CreateTime],NULL AS [ModifyID],NULL AS [Modifier],NULL AS [ModifyTime],N'0be03863-c64e-b211-e944-6615a6903ee2' AS [ID],N'1' AS [Status],NULL AS [DeleteTime],NULL AS [Deleter],NULL AS [DeleterID]	
UNION ALL 
 SELECT N'fa3510f8-091f-81f4-9353-8f75f455f0b4' AS [SysPowerGroupID],N'11' AS [Name],N'21' AS [ApiUrl],0 AS [IsOpen],N'1' AS [CreateID],N'admin' AS [Creator],'2019-12-17 18:01:32.553' AS [CreateTime],NULL AS [ModifyID],NULL AS [Modifier],NULL AS [ModifyTime],N'66eaa1f6-6ec9-ad3e-44e7-3abed89f28df' AS [ID],N'1' AS [Status],NULL AS [DeleteTime],NULL AS [Deleter],NULL AS [DeleterID]
;

--------------------------------
2019/12/17 18:01:41|
【SQL参数】：@InPara0:ad53afaf-4ca4-4ced-9126-a7e71473dd42

【SQL语句】：SELECT [ParentId],[MenuId],[Name],[Url],[PathUrl],[Description],[Icon],[OrderNo],[IsShow],[CreateID],[Creator],[CreateTime],[ModifyID],[Modifier],[ModifyTime],[ID],[Status],[DeleteTime],[Deleter],[DeleterID] FROM [SysMenu]  WHERE [ID] IN (@InPara0)  
--------------------------------
2019/12/17 18:01:48|
【SQL参数】：@InPara0:ad53afaf-4ca4-4ced-9126-a7e71473dd42

【SQL语句】：SELECT [ParentId],[MenuId],[Name],[Url],[PathUrl],[Description],[Icon],[OrderNo],[IsShow],[CreateID],[Creator],[CreateTime],[ModifyID],[Modifier],[ModifyTime],[ID],[Status],[DeleteTime],[Deleter],[DeleterID] FROM [SysMenu]  WHERE [ID] IN (@InPara0)  
--------------------------------
2019/12/17 18:01:49|
【SQL参数】：
【SQL语句】：DELETE FROM [SysMenuPowerGroup] WHERE [ID] IN ('2072142c-e038-4f40-bb2f-29c118e4d704','7e07b989-9d4b-4ecd-b83a-e35023ca6895','da36a765-e136-4a2d-9d90-072e350c2775') 
--------------------------------
2019/12/17 18:31:25|
【SQL参数】：
【SQL语句】：SELECT [UserName],[UserPwd],[RoleId],[RoleName],[LastLoginDate],[LastModifyPwdDate],[ErrorCount],[LastLoginFailDate],[HeadPicUrl],[Sex],[Age],[Birth],[Address],[Mobile],[Email],[Remark],[CreateID],[Creator],[CreateTime],[ModifyID],[Modifier],[ModifyTime],[ID],[Status],[DeleteTime],[Deleter],[DeleterID] FROM [SysUser] 
--------------------------------
2019/12/17 18:31:25|
【SQL参数】：@Status0:1

【SQL语句】：SELECT [ParentId],[MenuId],[Name],[Url],[PathUrl],[Description],[Icon],[OrderNo],[IsShow],[CreateID],[Creator],[CreateTime],[ModifyID],[Modifier],[ModifyTime],[ID],[Status],[DeleteTime],[Deleter],[DeleterID] FROM [SysMenu]  WHERE ( [Status] = @Status0 )
--------------------------------
2019/12/17 18:31:27|
【SQL参数】：@InPara0:ad53afaf-4ca4-4ced-9126-a7e71473dd42

【SQL语句】：SELECT [ParentId],[MenuId],[Name],[Url],[PathUrl],[Description],[Icon],[OrderNo],[IsShow],[CreateID],[Creator],[CreateTime],[ModifyID],[Modifier],[ModifyTime],[ID],[Status],[DeleteTime],[Deleter],[DeleterID] FROM [SysMenu]  WHERE [ID] IN (@InPara0)  
--------------------------------
2019/12/17 18:31:36|
【SQL参数】：@InPara0:ad53afaf-4ca4-4ced-9126-a7e71473dd42

【SQL语句】：SELECT [ParentId],[MenuId],[Name],[Url],[PathUrl],[Description],[Icon],[OrderNo],[IsShow],[CreateID],[Creator],[CreateTime],[ModifyID],[Modifier],[ModifyTime],[ID],[Status],[DeleteTime],[Deleter],[DeleterID] FROM [SysMenu]  WHERE [ID] IN (@InPara0)  
--------------------------------
2019/12/17 18:31:36|
【SQL参数】：
【SQL语句】：DELETE FROM [SysPower] WHERE [ID] IN ('0be03863-c64e-b211-e944-6615a6903ee2','1ef62e43-53f4-91ab-bada-349697144735','66eaa1f6-6ec9-ad3e-44e7-3abed89f28df','b3ae98c3-f758-6a08-91c2-27e6b18e659e') 
--------------------------------
2019/12/17 18:31:36|
【SQL参数】：
【SQL语句】：INSERT [SysMenuPowerGroup]  ([SysMenuID],[SysPowerGroupID],[CreateID],[Creator],[CreateTime],[ModifyID],[Modifier],[ModifyTime],[ID],[Status],[DeleteTime],[Deleter],[DeleterID])
 SELECT N'ad53afaf-4ca4-4ced-9126-a7e71473dd42' AS [SysMenuID],N'fa3510f8-091f-81f4-9353-8f75f455f0b4' AS [SysPowerGroupID],N'1' AS [CreateID],N'admin' AS [Creator],'2019-12-17 18:31:36.119' AS [CreateTime],NULL AS [ModifyID],NULL AS [Modifier],NULL AS [ModifyTime],N'14480abc-3e75-411b-8571-dcfa899b9432' AS [ID],N'1' AS [Status],NULL AS [DeleteTime],NULL AS [Deleter],NULL AS [DeleterID]	
UNION ALL 
 SELECT N'ad53afaf-4ca4-4ced-9126-a7e71473dd42' AS [SysMenuID],N'fe95e797-007d-92e4-014a-6c202ae8fec6' AS [SysPowerGroupID],N'1' AS [CreateID],N'admin' AS [Creator],'2019-12-17 18:31:36.119' AS [CreateTime],NULL AS [ModifyID],NULL AS [Modifier],NULL AS [ModifyTime],N'e241cd0e-0633-498c-ab17-7295aeabb55c' AS [ID],N'1' AS [Status],NULL AS [DeleteTime],NULL AS [Deleter],NULL AS [DeleterID]	
UNION ALL 
 SELECT N'ad53afaf-4ca4-4ced-9126-a7e71473dd42' AS [SysMenuID],N'19f90023-641c-ea58-72f5-a6c473672dd2' AS [SysPowerGroupID],N'1' AS [CreateID],N'admin' AS [Creator],'2019-12-17 18:31:36.119' AS [CreateTime],NULL AS [ModifyID],NULL AS [Modifier],NULL AS [ModifyTime],N'91911d72-47c7-4bdf-ae82-c5bc7b8658cf' AS [ID],N'1' AS [Status],NULL AS [DeleteTime],NULL AS [Deleter],NULL AS [DeleterID]
;

--------------------------------
2019/12/17 18:31:36|
【SQL参数】：
【SQL语句】：INSERT [SysPower]  ([SysPowerGroupID],[Name],[ApiUrl],[IsOpen],[CreateID],[Creator],[CreateTime],[ModifyID],[Modifier],[ModifyTime],[ID],[Status],[DeleteTime],[Deleter],[DeleterID])
 SELECT N'fa3510f8-091f-81f4-9353-8f75f455f0b4' AS [SysPowerGroupID],N'2' AS [Name],N'1' AS [ApiUrl],0 AS [IsOpen],N'1' AS [CreateID],N'admin' AS [Creator],'2019-12-17 18:31:36.119' AS [CreateTime],NULL AS [ModifyID],NULL AS [Modifier],NULL AS [ModifyTime],N'0be03863-c64e-b211-e944-6615a6903ee2' AS [ID],N'1' AS [Status],NULL AS [DeleteTime],NULL AS [Deleter],NULL AS [DeleterID]	
UNION ALL 
 SELECT N'fa3510f8-091f-81f4-9353-8f75f455f0b4' AS [SysPowerGroupID],N'11' AS [Name],N'21' AS [ApiUrl],0 AS [IsOpen],N'1' AS [CreateID],N'admin' AS [Creator],'2019-12-17 18:31:36.119' AS [CreateTime],NULL AS [ModifyID],NULL AS [Modifier],NULL AS [ModifyTime],N'66eaa1f6-6ec9-ad3e-44e7-3abed89f28df' AS [ID],N'1' AS [Status],NULL AS [DeleteTime],NULL AS [Deleter],NULL AS [DeleterID]	
UNION ALL 
 SELECT N'fe95e797-007d-92e4-014a-6c202ae8fec6' AS [SysPowerGroupID],N'1' AS [Name],N'1' AS [ApiUrl],0 AS [IsOpen],N'1' AS [CreateID],N'admin' AS [Creator],'2019-12-17 18:31:36.119' AS [CreateTime],NULL AS [ModifyID],NULL AS [Modifier],NULL AS [ModifyTime],N'b3ae98c3-f758-6a08-91c2-27e6b18e659e' AS [ID],N'1' AS [Status],NULL AS [DeleteTime],NULL AS [Deleter],NULL AS [DeleterID]	
UNION ALL 
 SELECT N'19f90023-641c-ea58-72f5-a6c473672dd2' AS [SysPowerGroupID],N'1' AS [Name],N'1' AS [ApiUrl],0 AS [IsOpen],N'1' AS [CreateID],N'admin' AS [Creator],'2019-12-17 18:31:36.119' AS [CreateTime],NULL AS [ModifyID],NULL AS [Modifier],NULL AS [ModifyTime],N'1ef62e43-53f4-91ab-bada-349697144735' AS [ID],N'1' AS [Status],NULL AS [DeleteTime],NULL AS [Deleter],NULL AS [DeleterID]
;

--------------------------------
2019/12/17 18:31:43|
【SQL参数】：@InPara0:ad53afaf-4ca4-4ced-9126-a7e71473dd42

【SQL语句】：SELECT [ParentId],[MenuId],[Name],[Url],[PathUrl],[Description],[Icon],[OrderNo],[IsShow],[CreateID],[Creator],[CreateTime],[ModifyID],[Modifier],[ModifyTime],[ID],[Status],[DeleteTime],[Deleter],[DeleterID] FROM [SysMenu]  WHERE [ID] IN (@InPara0)  
--------------------------------
2019/12/17 18:31:43|
【SQL参数】：
【SQL语句】：DELETE FROM [SysPowerGroup] WHERE [ID] IN ('fa3510f8-091f-81f4-9353-8f75f455f0b4','19f90023-641c-ea58-72f5-a6c473672dd2','fe95e797-007d-92e4-014a-6c202ae8fec6') 
--------------------------------
2019/12/17 18:31:51|
【SQL参数】：@InPara0:ad53afaf-4ca4-4ced-9126-a7e71473dd42

【SQL语句】：SELECT [ParentId],[MenuId],[Name],[Url],[PathUrl],[Description],[Icon],[OrderNo],[IsShow],[CreateID],[Creator],[CreateTime],[ModifyID],[Modifier],[ModifyTime],[ID],[Status],[DeleteTime],[Deleter],[DeleterID] FROM [SysMenu]  WHERE [ID] IN (@InPara0)  
--------------------------------
2019/12/17 18:34:50|
【SQL参数】：
【SQL语句】：SELECT [UserName],[UserPwd],[RoleId],[RoleName],[LastLoginDate],[LastModifyPwdDate],[ErrorCount],[LastLoginFailDate],[HeadPicUrl],[Sex],[Age],[Birth],[Address],[Mobile],[Email],[Remark],[CreateID],[Creator],[CreateTime],[ModifyID],[Modifier],[ModifyTime],[ID],[Status],[DeleteTime],[Deleter],[DeleterID] FROM [SysUser] 
--------------------------------
2019/12/17 18:34:50|
【SQL参数】：@Status0:1

【SQL语句】：SELECT [ParentId],[MenuId],[Name],[Url],[PathUrl],[Description],[Icon],[OrderNo],[IsShow],[CreateID],[Creator],[CreateTime],[ModifyID],[Modifier],[ModifyTime],[ID],[Status],[DeleteTime],[Deleter],[DeleterID] FROM [SysMenu]  WHERE ( [Status] = @Status0 )
--------------------------------
2019/12/17 18:34:53|
【SQL参数】：@InPara0:ad53afaf-4ca4-4ced-9126-a7e71473dd42

【SQL语句】：SELECT [ParentId],[MenuId],[Name],[Url],[PathUrl],[Description],[Icon],[OrderNo],[IsShow],[CreateID],[Creator],[CreateTime],[ModifyID],[Modifier],[ModifyTime],[ID],[Status],[DeleteTime],[Deleter],[DeleterID] FROM [SysMenu]  WHERE [ID] IN (@InPara0)  
--------------------------------
2019/12/17 18:34:58|
【SQL参数】：@InPara0:ad53afaf-4ca4-4ced-9126-a7e71473dd42

【SQL语句】：SELECT [ParentId],[MenuId],[Name],[Url],[PathUrl],[Description],[Icon],[OrderNo],[IsShow],[CreateID],[Creator],[CreateTime],[ModifyID],[Modifier],[ModifyTime],[ID],[Status],[DeleteTime],[Deleter],[DeleterID] FROM [SysMenu]  WHERE [ID] IN (@InPara0)  
--------------------------------
2019/12/17 18:34:59|
【SQL参数】：
【SQL语句】：DELETE FROM [SysMenuPowerGroup] WHERE [ID] IN ('4c9e67a9-bf6b-4b26-b41a-f4922eeea208','5cdfe88a-50ec-4598-995f-c5009f60172f','ae0d725b-1dd4-4872-8c55-f5e2fc785708') 
--------------------------------
2019/12/17 18:35:06|
【SQL参数】：@InPara0:ad53afaf-4ca4-4ced-9126-a7e71473dd42

【SQL语句】：SELECT [ParentId],[MenuId],[Name],[Url],[PathUrl],[Description],[Icon],[OrderNo],[IsShow],[CreateID],[Creator],[CreateTime],[ModifyID],[Modifier],[ModifyTime],[ID],[Status],[DeleteTime],[Deleter],[DeleterID] FROM [SysMenu]  WHERE [ID] IN (@InPara0)  
--------------------------------
2019/12/17 18:35:07|
【SQL参数】：
【SQL语句】：DELETE FROM [SysPower] WHERE [ID] IN ('0be03863-c64e-b211-e944-6615a6903ee2','1ef62e43-53f4-91ab-bada-349697144735','66eaa1f6-6ec9-ad3e-44e7-3abed89f28df','b3ae98c3-f758-6a08-91c2-27e6b18e659e') 
--------------------------------
2019/12/17 18:35:16|
【SQL参数】：@InPara0:ad53afaf-4ca4-4ced-9126-a7e71473dd42

【SQL语句】：SELECT [ParentId],[MenuId],[Name],[Url],[PathUrl],[Description],[Icon],[OrderNo],[IsShow],[CreateID],[Creator],[CreateTime],[ModifyID],[Modifier],[ModifyTime],[ID],[Status],[DeleteTime],[Deleter],[DeleterID] FROM [SysMenu]  WHERE [ID] IN (@InPara0)  
--------------------------------
2019/12/17 18:35:17|
【SQL参数】：
【SQL语句】：DELETE FROM [SysPowerGroup] WHERE [ID] IN ('fe95e797-007d-92e4-014a-6c202ae8fec6','fa3510f8-091f-81f4-9353-8f75f455f0b4','19f90023-641c-ea58-72f5-a6c473672dd2') 
--------------------------------
2019/12/17 18:35:17|
【SQL参数】：@Status1:1

【SQL语句】：SELECT [SysPowerGroupID],[Name],[ApiUrl],[IsOpen],[CreateID],[Creator],[CreateTime],[ModifyID],[Modifier],[ModifyTime],[ID],[Status],[DeleteTime],[Deleter],[DeleterID] FROM [SysPower]  WHERE (([SysPowerGroupID] IN ('fe95e797-007d-92e4-014a-6c202ae8fec6','fa3510f8-091f-81f4-9353-8f75f455f0b4','19f90023-641c-ea58-72f5-a6c473672dd2')) AND( [Status] = @Status1 ))
--------------------------------
2019/12/17 18:35:17|
【SQL参数】：
【SQL语句】：DELETE FROM [SysPower] WHERE [ID] IN ('0be03863-c64e-b211-e944-6615a6903ee2','1ef62e43-53f4-91ab-bada-349697144735','66eaa1f6-6ec9-ad3e-44e7-3abed89f28df','b3ae98c3-f758-6a08-91c2-27e6b18e659e') 
--------------------------------
2019/12/17 18:35:17|
【SQL参数】：
【SQL语句】：INSERT [SysMenuPowerGroup]  ([SysMenuID],[SysPowerGroupID],[CreateID],[Creator],[CreateTime],[ModifyID],[Modifier],[ModifyTime],[ID],[Status],[DeleteTime],[Deleter],[DeleterID])
 SELECT N'ad53afaf-4ca4-4ced-9126-a7e71473dd42' AS [SysMenuID],N'19f90023-641c-ea58-72f5-a6c473672dd2' AS [SysPowerGroupID],N'1' AS [CreateID],N'admin' AS [Creator],'2019-12-17 18:35:16.954' AS [CreateTime],NULL AS [ModifyID],NULL AS [Modifier],NULL AS [ModifyTime],N'0ce5a8a7-fc69-4757-92a1-8b86eb027991' AS [ID],N'1' AS [Status],NULL AS [DeleteTime],NULL AS [Deleter],NULL AS [DeleterID]	
UNION ALL 
 SELECT N'ad53afaf-4ca4-4ced-9126-a7e71473dd42' AS [SysMenuID],N'fa3510f8-091f-81f4-9353-8f75f455f0b4' AS [SysPowerGroupID],N'1' AS [CreateID],N'admin' AS [Creator],'2019-12-17 18:35:16.954' AS [CreateTime],NULL AS [ModifyID],NULL AS [Modifier],NULL AS [ModifyTime],N'6cf20e4f-fe76-40a3-a9df-17417fdcf7f8' AS [ID],N'1' AS [Status],NULL AS [DeleteTime],NULL AS [Deleter],NULL AS [DeleterID]	
UNION ALL 
 SELECT N'ad53afaf-4ca4-4ced-9126-a7e71473dd42' AS [SysMenuID],N'fe95e797-007d-92e4-014a-6c202ae8fec6' AS [SysPowerGroupID],N'1' AS [CreateID],N'admin' AS [Creator],'2019-12-17 18:35:16.954' AS [CreateTime],NULL AS [ModifyID],NULL AS [Modifier],NULL AS [ModifyTime],N'a87d9462-03c1-4d5f-abb9-3efcd91a7f4f' AS [ID],N'1' AS [Status],NULL AS [DeleteTime],NULL AS [Deleter],NULL AS [DeleterID]
;

--------------------------------
2019/12/17 18:35:17|
【SQL参数】：
【SQL语句】：INSERT [SysPowerGroup]  ([Name],[OrderNo],[CreateID],[Creator],[CreateTime],[ModifyID],[Modifier],[ModifyTime],[ID],[Status],[DeleteTime],[Deleter],[DeleterID])
 SELECT N'1' AS [Name],N'1' AS [OrderNo],N'1' AS [CreateID],N'admin' AS [Creator],'2019-12-17 18:35:16.954' AS [CreateTime],NULL AS [ModifyID],NULL AS [Modifier],NULL AS [ModifyTime],N'19f90023-641c-ea58-72f5-a6c473672dd2' AS [ID],N'1' AS [Status],NULL AS [DeleteTime],NULL AS [Deleter],NULL AS [DeleterID]	
UNION ALL 
 SELECT N'2' AS [Name],N'1' AS [OrderNo],N'1' AS [CreateID],N'admin' AS [Creator],'2019-12-17 18:35:16.954' AS [CreateTime],NULL AS [ModifyID],NULL AS [Modifier],NULL AS [ModifyTime],N'fa3510f8-091f-81f4-9353-8f75f455f0b4' AS [ID],N'1' AS [Status],NULL AS [DeleteTime],NULL AS [Deleter],NULL AS [DeleterID]	
UNION ALL 
 SELECT N'3' AS [Name],N'1' AS [OrderNo],N'1' AS [CreateID],N'admin' AS [Creator],'2019-12-17 18:35:16.954' AS [CreateTime],NULL AS [ModifyID],NULL AS [Modifier],NULL AS [ModifyTime],N'fe95e797-007d-92e4-014a-6c202ae8fec6' AS [ID],N'1' AS [Status],NULL AS [DeleteTime],NULL AS [Deleter],NULL AS [DeleterID]
;

--------------------------------
2019/12/17 18:36:18|
【SQL参数】：
【SQL语句】：SELECT [UserName],[UserPwd],[RoleId],[RoleName],[LastLoginDate],[LastModifyPwdDate],[ErrorCount],[LastLoginFailDate],[HeadPicUrl],[Sex],[Age],[Birth],[Address],[Mobile],[Email],[Remark],[CreateID],[Creator],[CreateTime],[ModifyID],[Modifier],[ModifyTime],[ID],[Status],[DeleteTime],[Deleter],[DeleterID] FROM [SysUser] 
--------------------------------
2019/12/17 18:36:18|
【SQL参数】：@Status0:1

【SQL语句】：SELECT [ParentId],[MenuId],[Name],[Url],[PathUrl],[Description],[Icon],[OrderNo],[IsShow],[CreateID],[Creator],[CreateTime],[ModifyID],[Modifier],[ModifyTime],[ID],[Status],[DeleteTime],[Deleter],[DeleterID] FROM [SysMenu]  WHERE ( [Status] = @Status0 )
--------------------------------
2019/12/17 18:36:21|
【SQL参数】：@InPara0:ad53afaf-4ca4-4ced-9126-a7e71473dd42

【SQL语句】：SELECT [ParentId],[MenuId],[Name],[Url],[PathUrl],[Description],[Icon],[OrderNo],[IsShow],[CreateID],[Creator],[CreateTime],[ModifyID],[Modifier],[ModifyTime],[ID],[Status],[DeleteTime],[Deleter],[DeleterID] FROM [SysMenu]  WHERE [ID] IN (@InPara0)  
--------------------------------
2019/12/17 18:36:24|
【SQL参数】：@InPara0:ad53afaf-4ca4-4ced-9126-a7e71473dd42

【SQL语句】：SELECT [ParentId],[MenuId],[Name],[Url],[PathUrl],[Description],[Icon],[OrderNo],[IsShow],[CreateID],[Creator],[CreateTime],[ModifyID],[Modifier],[ModifyTime],[ID],[Status],[DeleteTime],[Deleter],[DeleterID] FROM [SysMenu]  WHERE [ID] IN (@InPara0)  
--------------------------------
2019/12/17 18:36:24|
【SQL参数】：
【SQL语句】：DELETE FROM [SysPower] WHERE [ID] IN ('0be03863-c64e-b211-e944-6615a6903ee2','1ef62e43-53f4-91ab-bada-349697144735','66eaa1f6-6ec9-ad3e-44e7-3abed89f28df','b3ae98c3-f758-6a08-91c2-27e6b18e659e') 
--------------------------------
2019/12/17 18:36:30|
【SQL参数】：@InPara0:ad53afaf-4ca4-4ced-9126-a7e71473dd42

【SQL语句】：SELECT [ParentId],[MenuId],[Name],[Url],[PathUrl],[Description],[Icon],[OrderNo],[IsShow],[CreateID],[Creator],[CreateTime],[ModifyID],[Modifier],[ModifyTime],[ID],[Status],[DeleteTime],[Deleter],[DeleterID] FROM [SysMenu]  WHERE [ID] IN (@InPara0)  
--------------------------------
2019/12/17 18:36:30|
【SQL参数】：
【SQL语句】：DELETE FROM [SysPowerGroup] WHERE [ID] IN ('fa3510f8-091f-81f4-9353-8f75f455f0b4','19f90023-641c-ea58-72f5-a6c473672dd2','fe95e797-007d-92e4-014a-6c202ae8fec6') 
--------------------------------
2019/12/17 18:38:28|
【SQL参数】：
【SQL语句】：SELECT [UserName],[UserPwd],[RoleId],[RoleName],[LastLoginDate],[LastModifyPwdDate],[ErrorCount],[LastLoginFailDate],[HeadPicUrl],[Sex],[Age],[Birth],[Address],[Mobile],[Email],[Remark],[CreateID],[Creator],[CreateTime],[ModifyID],[Modifier],[ModifyTime],[ID],[Status],[DeleteTime],[Deleter],[DeleterID] FROM [SysUser] 
--------------------------------
2019/12/17 18:38:28|
【SQL参数】：@Status0:1

【SQL语句】：SELECT [ParentId],[MenuId],[Name],[Url],[PathUrl],[Description],[Icon],[OrderNo],[IsShow],[CreateID],[Creator],[CreateTime],[ModifyID],[Modifier],[ModifyTime],[ID],[Status],[DeleteTime],[Deleter],[DeleterID] FROM [SysMenu]  WHERE ( [Status] = @Status0 )
--------------------------------
2019/12/17 18:38:30|
【SQL参数】：@InPara0:ad53afaf-4ca4-4ced-9126-a7e71473dd42

【SQL语句】：SELECT [ParentId],[MenuId],[Name],[Url],[PathUrl],[Description],[Icon],[OrderNo],[IsShow],[CreateID],[Creator],[CreateTime],[ModifyID],[Modifier],[ModifyTime],[ID],[Status],[DeleteTime],[Deleter],[DeleterID] FROM [SysMenu]  WHERE [ID] IN (@InPara0)  
--------------------------------
2019/12/17 18:38:37|
【SQL参数】：@InPara0:ad53afaf-4ca4-4ced-9126-a7e71473dd42

【SQL语句】：SELECT [ParentId],[MenuId],[Name],[Url],[PathUrl],[Description],[Icon],[OrderNo],[IsShow],[CreateID],[Creator],[CreateTime],[ModifyID],[Modifier],[ModifyTime],[ID],[Status],[DeleteTime],[Deleter],[DeleterID] FROM [SysMenu]  WHERE [ID] IN (@InPara0)  
--------------------------------
2019/12/17 18:38:37|
【SQL参数】：
【SQL语句】：DELETE FROM [SysPowerGroup] WHERE [ID] IN ('fa3510f8-091f-81f4-9353-8f75f455f0b4','fe95e797-007d-92e4-014a-6c202ae8fec6','19f90023-641c-ea58-72f5-a6c473672dd2') 
--------------------------------
2019/12/17 18:38:37|
【SQL参数】：@Status1:1

【SQL语句】：SELECT [SysPowerGroupID],[Name],[ApiUrl],[IsOpen],[CreateID],[Creator],[CreateTime],[ModifyID],[Modifier],[ModifyTime],[ID],[Status],[DeleteTime],[Deleter],[DeleterID] FROM [SysPower]  WHERE (([SysPowerGroupID] IN ('fa3510f8-091f-81f4-9353-8f75f455f0b4','fe95e797-007d-92e4-014a-6c202ae8fec6','19f90023-641c-ea58-72f5-a6c473672dd2')) AND( [Status] = @Status1 ))
--------------------------------
2019/12/17 18:38:37|
【SQL参数】：
【SQL语句】：INSERT [SysPowerGroup]  ([Name],[OrderNo],[CreateID],[Creator],[CreateTime],[ModifyID],[Modifier],[ModifyTime],[ID],[Status],[DeleteTime],[Deleter],[DeleterID])
 SELECT N'2' AS [Name],N'1' AS [OrderNo],N'1' AS [CreateID],N'admin' AS [Creator],'2019-12-17 18:38:37.285' AS [CreateTime],NULL AS [ModifyID],NULL AS [Modifier],NULL AS [ModifyTime],N'fa3510f8-091f-81f4-9353-8f75f455f0b4' AS [ID],N'1' AS [Status],NULL AS [DeleteTime],NULL AS [Deleter],NULL AS [DeleterID]	
UNION ALL 
 SELECT N'3' AS [Name],N'1' AS [OrderNo],N'1' AS [CreateID],N'admin' AS [Creator],'2019-12-17 18:38:37.285' AS [CreateTime],NULL AS [ModifyID],NULL AS [Modifier],NULL AS [ModifyTime],N'fe95e797-007d-92e4-014a-6c202ae8fec6' AS [ID],N'1' AS [Status],NULL AS [DeleteTime],NULL AS [Deleter],NULL AS [DeleterID]	
UNION ALL 
 SELECT N'1' AS [Name],N'1' AS [OrderNo],N'1' AS [CreateID],N'admin' AS [Creator],'2019-12-17 18:38:37.285' AS [CreateTime],NULL AS [ModifyID],NULL AS [Modifier],NULL AS [ModifyTime],N'19f90023-641c-ea58-72f5-a6c473672dd2' AS [ID],N'1' AS [Status],NULL AS [DeleteTime],NULL AS [Deleter],NULL AS [DeleterID]
;

--------------------------------
2019/12/17 18:38:37|
【SQL参数】：
【SQL语句】：INSERT [SysPower]  ([SysPowerGroupID],[Name],[ApiUrl],[IsOpen],[CreateID],[Creator],[CreateTime],[ModifyID],[Modifier],[ModifyTime],[ID],[Status],[DeleteTime],[Deleter],[DeleterID])
 SELECT N'fa3510f8-091f-81f4-9353-8f75f455f0b4' AS [SysPowerGroupID],N'2' AS [Name],N'1' AS [ApiUrl],0 AS [IsOpen],N'1' AS [CreateID],N'admin' AS [Creator],'2019-12-17 18:38:37.285' AS [CreateTime],NULL AS [ModifyID],NULL AS [Modifier],NULL AS [ModifyTime],N'0be03863-c64e-b211-e944-6615a6903ee2' AS [ID],N'1' AS [Status],NULL AS [DeleteTime],NULL AS [Deleter],NULL AS [DeleterID]	
UNION ALL 
 SELECT N'fa3510f8-091f-81f4-9353-8f75f455f0b4' AS [SysPowerGroupID],N'11' AS [Name],N'21' AS [ApiUrl],0 AS [IsOpen],N'1' AS [CreateID],N'admin' AS [Creator],'2019-12-17 18:38:37.285' AS [CreateTime],NULL AS [ModifyID],NULL AS [Modifier],NULL AS [ModifyTime],N'66eaa1f6-6ec9-ad3e-44e7-3abed89f28df' AS [ID],N'1' AS [Status],NULL AS [DeleteTime],NULL AS [Deleter],NULL AS [DeleterID]	
UNION ALL 
 SELECT N'fe95e797-007d-92e4-014a-6c202ae8fec6' AS [SysPowerGroupID],N'1' AS [Name],N'1' AS [ApiUrl],0 AS [IsOpen],N'1' AS [CreateID],N'admin' AS [Creator],'2019-12-17 18:38:37.285' AS [CreateTime],NULL AS [ModifyID],NULL AS [Modifier],NULL AS [ModifyTime],N'b3ae98c3-f758-6a08-91c2-27e6b18e659e' AS [ID],N'1' AS [Status],NULL AS [DeleteTime],NULL AS [Deleter],NULL AS [DeleterID]	
UNION ALL 
 SELECT N'19f90023-641c-ea58-72f5-a6c473672dd2' AS [SysPowerGroupID],N'1' AS [Name],N'1' AS [ApiUrl],0 AS [IsOpen],N'1' AS [CreateID],N'admin' AS [Creator],'2019-12-17 18:38:37.285' AS [CreateTime],NULL AS [ModifyID],NULL AS [Modifier],NULL AS [ModifyTime],N'1ef62e43-53f4-91ab-bada-349697144735' AS [ID],N'1' AS [Status],NULL AS [DeleteTime],NULL AS [Deleter],NULL AS [DeleterID]
;

--------------------------------
2019/12/17 18:38:46|
【SQL参数】：@InPara0:ad53afaf-4ca4-4ced-9126-a7e71473dd42

【SQL语句】：SELECT [ParentId],[MenuId],[Name],[Url],[PathUrl],[Description],[Icon],[OrderNo],[IsShow],[CreateID],[Creator],[CreateTime],[ModifyID],[Modifier],[ModifyTime],[ID],[Status],[DeleteTime],[Deleter],[DeleterID] FROM [SysMenu]  WHERE [ID] IN (@InPara0)  
--------------------------------
2019/12/17 18:38:46|
【SQL参数】：@InPara0:fa3510f8-091f-81f4-9353-8f75f455f0b4

【SQL语句】：SELECT [Name],[OrderNo],[CreateID],[Creator],[CreateTime],[ModifyID],[Modifier],[ModifyTime],[ID],[Status],[DeleteTime],[Deleter],[DeleterID] FROM [SysPowerGroup]  WHERE [ID] IN (@InPara0)  
--------------------------------
2019/12/17 18:38:46|
【SQL参数】：@InPara0:19f90023-641c-ea58-72f5-a6c473672dd2

【SQL语句】：SELECT [Name],[OrderNo],[CreateID],[Creator],[CreateTime],[ModifyID],[Modifier],[ModifyTime],[ID],[Status],[DeleteTime],[Deleter],[DeleterID] FROM [SysPowerGroup]  WHERE [ID] IN (@InPara0)  
--------------------------------
2019/12/17 18:38:51|
【SQL参数】：@InPara0:ad53afaf-4ca4-4ced-9126-a7e71473dd42

【SQL语句】：SELECT [ParentId],[MenuId],[Name],[Url],[PathUrl],[Description],[Icon],[OrderNo],[IsShow],[CreateID],[Creator],[CreateTime],[ModifyID],[Modifier],[ModifyTime],[ID],[Status],[DeleteTime],[Deleter],[DeleterID] FROM [SysMenu]  WHERE [ID] IN (@InPara0)  
--------------------------------
2019/12/17 18:39:08|
【SQL参数】：@InPara0:ad53afaf-4ca4-4ced-9126-a7e71473dd42

【SQL语句】：SELECT [ParentId],[MenuId],[Name],[Url],[PathUrl],[Description],[Icon],[OrderNo],[IsShow],[CreateID],[Creator],[CreateTime],[ModifyID],[Modifier],[ModifyTime],[ID],[Status],[DeleteTime],[Deleter],[DeleterID] FROM [SysMenu]  WHERE [ID] IN (@InPara0)  
--------------------------------
2019/12/17 18:39:17|
【SQL参数】：@InPara0:ad53afaf-4ca4-4ced-9126-a7e71473dd42

【SQL语句】：SELECT [ParentId],[MenuId],[Name],[Url],[PathUrl],[Description],[Icon],[OrderNo],[IsShow],[CreateID],[Creator],[CreateTime],[ModifyID],[Modifier],[ModifyTime],[ID],[Status],[DeleteTime],[Deleter],[DeleterID] FROM [SysMenu]  WHERE [ID] IN (@InPara0)  
--------------------------------
2019/12/17 18:41:13|
【SQL参数】：
【SQL语句】：SELECT [UserName],[UserPwd],[RoleId],[RoleName],[LastLoginDate],[LastModifyPwdDate],[ErrorCount],[LastLoginFailDate],[HeadPicUrl],[Sex],[Age],[Birth],[Address],[Mobile],[Email],[Remark],[CreateID],[Creator],[CreateTime],[ModifyID],[Modifier],[ModifyTime],[ID],[Status],[DeleteTime],[Deleter],[DeleterID] FROM [SysUser] 
--------------------------------
2019/12/17 18:41:13|
【SQL参数】：@Status0:1

【SQL语句】：SELECT [ParentId],[MenuId],[Name],[Url],[PathUrl],[Description],[Icon],[OrderNo],[IsShow],[CreateID],[Creator],[CreateTime],[ModifyID],[Modifier],[ModifyTime],[ID],[Status],[DeleteTime],[Deleter],[DeleterID] FROM [SysMenu]  WHERE ( [Status] = @Status0 )
--------------------------------
2019/12/17 18:41:17|
【SQL参数】：@InPara0:ad53afaf-4ca4-4ced-9126-a7e71473dd42

【SQL语句】：SELECT [ParentId],[MenuId],[Name],[Url],[PathUrl],[Description],[Icon],[OrderNo],[IsShow],[CreateID],[Creator],[CreateTime],[ModifyID],[Modifier],[ModifyTime],[ID],[Status],[DeleteTime],[Deleter],[DeleterID] FROM [SysMenu]  WHERE [ID] IN (@InPara0)  
--------------------------------
2019/12/17 18:41:17|
【SQL参数】：@InPara0:fa3510f8-091f-81f4-9353-8f75f455f0b4

【SQL语句】：SELECT [Name],[OrderNo],[CreateID],[Creator],[CreateTime],[ModifyID],[Modifier],[ModifyTime],[ID],[Status],[DeleteTime],[Deleter],[DeleterID] FROM [SysPowerGroup]  WHERE [ID] IN (@InPara0)  
--------------------------------
2019/12/17 18:41:22|
【SQL参数】：@InPara0:ad53afaf-4ca4-4ced-9126-a7e71473dd42

【SQL语句】：SELECT [ParentId],[MenuId],[Name],[Url],[PathUrl],[Description],[Icon],[OrderNo],[IsShow],[CreateID],[Creator],[CreateTime],[ModifyID],[Modifier],[ModifyTime],[ID],[Status],[DeleteTime],[Deleter],[DeleterID] FROM [SysMenu]  WHERE [ID] IN (@InPara0)  
--------------------------------
2019/12/17 18:41:22|
【SQL参数】：
【SQL语句】：DELETE FROM [SysPowerGroup] WHERE [ID] IN ('fe95e797-007d-92e4-014a-6c202ae8fec6','19f90023-641c-ea58-72f5-a6c473672dd2','fa3510f8-091f-81f4-9353-8f75f455f0b4') 
--------------------------------
2019/12/17 18:41:22|
【SQL参数】：@Status1:1

【SQL语句】：SELECT [SysPowerGroupID],[Name],[ApiUrl],[IsOpen],[CreateID],[Creator],[CreateTime],[ModifyID],[Modifier],[ModifyTime],[ID],[Status],[DeleteTime],[Deleter],[DeleterID] FROM [SysPower]  WHERE (([SysPowerGroupID] IN ('fe95e797-007d-92e4-014a-6c202ae8fec6','19f90023-641c-ea58-72f5-a6c473672dd2','fa3510f8-091f-81f4-9353-8f75f455f0b4')) AND( [Status] = @Status1 ))
--------------------------------
2019/12/17 18:41:32|
【SQL参数】：@InPara0:ad53afaf-4ca4-4ced-9126-a7e71473dd42

【SQL语句】：SELECT [ParentId],[MenuId],[Name],[Url],[PathUrl],[Description],[Icon],[OrderNo],[IsShow],[CreateID],[Creator],[CreateTime],[ModifyID],[Modifier],[ModifyTime],[ID],[Status],[DeleteTime],[Deleter],[DeleterID] FROM [SysMenu]  WHERE [ID] IN (@InPara0)  
--------------------------------
2019/12/17 18:41:34|
【SQL参数】：@InPara0:ad53afaf-4ca4-4ced-9126-a7e71473dd42

【SQL语句】：SELECT [ParentId],[MenuId],[Name],[Url],[PathUrl],[Description],[Icon],[OrderNo],[IsShow],[CreateID],[Creator],[CreateTime],[ModifyID],[Modifier],[ModifyTime],[ID],[Status],[DeleteTime],[Deleter],[DeleterID] FROM [SysMenu]  WHERE [ID] IN (@InPara0)  
--------------------------------
2019/12/17 18:41:54|
【SQL参数】：@InPara0:ad53afaf-4ca4-4ced-9126-a7e71473dd42

【SQL语句】：SELECT [ParentId],[MenuId],[Name],[Url],[PathUrl],[Description],[Icon],[OrderNo],[IsShow],[CreateID],[Creator],[CreateTime],[ModifyID],[Modifier],[ModifyTime],[ID],[Status],[DeleteTime],[Deleter],[DeleterID] FROM [SysMenu]  WHERE [ID] IN (@InPara0)  
--------------------------------
2019/12/17 18:41:58|
【SQL参数】：@InPara0:ad53afaf-4ca4-4ced-9126-a7e71473dd42

【SQL语句】：SELECT [ParentId],[MenuId],[Name],[Url],[PathUrl],[Description],[Icon],[OrderNo],[IsShow],[CreateID],[Creator],[CreateTime],[ModifyID],[Modifier],[ModifyTime],[ID],[Status],[DeleteTime],[Deleter],[DeleterID] FROM [SysMenu]  WHERE [ID] IN (@InPara0)  
--------------------------------
2019/12/17 18:42:19|
【SQL参数】：@InPara0:ad53afaf-4ca4-4ced-9126-a7e71473dd42

【SQL语句】：SELECT [ParentId],[MenuId],[Name],[Url],[PathUrl],[Description],[Icon],[OrderNo],[IsShow],[CreateID],[Creator],[CreateTime],[ModifyID],[Modifier],[ModifyTime],[ID],[Status],[DeleteTime],[Deleter],[DeleterID] FROM [SysMenu]  WHERE [ID] IN (@InPara0)  
--------------------------------
2019/12/17 18:44:53|
【SQL参数】：
【SQL语句】：SELECT [UserName],[UserPwd],[RoleId],[RoleName],[LastLoginDate],[LastModifyPwdDate],[ErrorCount],[LastLoginFailDate],[HeadPicUrl],[Sex],[Age],[Birth],[Address],[Mobile],[Email],[Remark],[CreateID],[Creator],[CreateTime],[ModifyID],[Modifier],[ModifyTime],[ID],[Status],[DeleteTime],[Deleter],[DeleterID] FROM [SysUser] 
--------------------------------
2019/12/17 18:44:54|
【SQL参数】：@Status0:1

【SQL语句】：SELECT [ParentId],[MenuId],[Name],[Url],[PathUrl],[Description],[Icon],[OrderNo],[IsShow],[CreateID],[Creator],[CreateTime],[ModifyID],[Modifier],[ModifyTime],[ID],[Status],[DeleteTime],[Deleter],[DeleterID] FROM [SysMenu]  WHERE ( [Status] = @Status0 )
--------------------------------
2019/12/17 18:44:55|
【SQL参数】：@InPara0:ad53afaf-4ca4-4ced-9126-a7e71473dd42

【SQL语句】：SELECT [ParentId],[MenuId],[Name],[Url],[PathUrl],[Description],[Icon],[OrderNo],[IsShow],[CreateID],[Creator],[CreateTime],[ModifyID],[Modifier],[ModifyTime],[ID],[Status],[DeleteTime],[Deleter],[DeleterID] FROM [SysMenu]  WHERE [ID] IN (@InPara0)  
--------------------------------
2019/12/17 18:45:10|
【SQL参数】：@InPara0:ad53afaf-4ca4-4ced-9126-a7e71473dd42

【SQL语句】：SELECT [ParentId],[MenuId],[Name],[Url],[PathUrl],[Description],[Icon],[OrderNo],[IsShow],[CreateID],[Creator],[CreateTime],[ModifyID],[Modifier],[ModifyTime],[ID],[Status],[DeleteTime],[Deleter],[DeleterID] FROM [SysMenu]  WHERE [ID] IN (@InPara0)  
--------------------------------
2019/12/17 18:45:51|
【SQL参数】：@InPara0:ad53afaf-4ca4-4ced-9126-a7e71473dd42

【SQL语句】：SELECT [ParentId],[MenuId],[Name],[Url],[PathUrl],[Description],[Icon],[OrderNo],[IsShow],[CreateID],[Creator],[CreateTime],[ModifyID],[Modifier],[ModifyTime],[ID],[Status],[DeleteTime],[Deleter],[DeleterID] FROM [SysMenu]  WHERE [ID] IN (@InPara0)  
--------------------------------
2019/12/17 18:45:53|
【SQL参数】：
【SQL语句】：DELETE FROM [SysMenuPowerGroup] WHERE 1=2  
--------------------------------
2019/12/17 18:45:53|
【SQL参数】：@Status1:1

【SQL语句】：SELECT [SysPowerGroupID],[Name],[ApiUrl],[IsOpen],[CreateID],[Creator],[CreateTime],[ModifyID],[Modifier],[ModifyTime],[ID],[Status],[DeleteTime],[Deleter],[DeleterID] FROM [SysPower]  WHERE ((1=2) AND( [Status] = @Status1 ))
--------------------------------
2019/12/17 18:45:53|
【SQL参数】：
【SQL语句】：INSERT [SysPower]  ([SysPowerGroupID],[Name],[ApiUrl],[IsOpen],[CreateID],[Creator],[CreateTime],[ModifyID],[Modifier],[ModifyTime],[ID],[Status],[DeleteTime],[Deleter],[DeleterID])
 SELECT N'7ca4d4d7-ac1b-293f-8926-f0b4b5379272' AS [SysPowerGroupID],N'1' AS [Name],N'2' AS [ApiUrl],0 AS [IsOpen],N'1' AS [CreateID],N'admin' AS [Creator],'2019-12-17 18:45:51.630' AS [CreateTime],NULL AS [ModifyID],NULL AS [Modifier],NULL AS [ModifyTime],N'ac8b61a4-d68c-a747-03df-7a09a8fec591' AS [ID],N'1' AS [Status],NULL AS [DeleteTime],NULL AS [Deleter],NULL AS [DeleterID]	
UNION ALL 
 SELECT N'bce6e60f-e321-c61a-b94e-9e2b129d1633' AS [SysPowerGroupID],N'a' AS [Name],N's' AS [ApiUrl],0 AS [IsOpen],N'1' AS [CreateID],N'admin' AS [Creator],'2019-12-17 18:45:51.630' AS [CreateTime],NULL AS [ModifyID],NULL AS [Modifier],NULL AS [ModifyTime],N'512b3433-20df-98ba-bd19-842ece45088d' AS [ID],N'1' AS [Status],NULL AS [DeleteTime],NULL AS [Deleter],NULL AS [DeleterID]
;

--------------------------------
2019/12/17 18:46:07|
【SQL参数】：@InPara0:ad53afaf-4ca4-4ced-9126-a7e71473dd42

【SQL语句】：SELECT [ParentId],[MenuId],[Name],[Url],[PathUrl],[Description],[Icon],[OrderNo],[IsShow],[CreateID],[Creator],[CreateTime],[ModifyID],[Modifier],[ModifyTime],[ID],[Status],[DeleteTime],[Deleter],[DeleterID] FROM [SysMenu]  WHERE [ID] IN (@InPara0)  
--------------------------------
2019/12/17 18:46:09|
【SQL参数】：
【SQL语句】：DELETE FROM [SysMenuPowerGroup] WHERE [ID] IN ('1bcf126c-0f1c-46ed-a1e3-03f78b609194','b7f10527-2870-4889-83a1-5010a17b3c88') 
--------------------------------
2019/12/17 18:46:09|
【SQL参数】：
【SQL语句】：DELETE FROM [SysPower] WHERE [ID] IN ('512b3433-20df-98ba-bd19-842ece45088d','ac8b61a4-d68c-a747-03df-7a09a8fec591') 
--------------------------------
2019/12/17 18:46:19|
【SQL参数】：@InPara0:ad53afaf-4ca4-4ced-9126-a7e71473dd42

【SQL语句】：SELECT [ParentId],[MenuId],[Name],[Url],[PathUrl],[Description],[Icon],[OrderNo],[IsShow],[CreateID],[Creator],[CreateTime],[ModifyID],[Modifier],[ModifyTime],[ID],[Status],[DeleteTime],[Deleter],[DeleterID] FROM [SysMenu]  WHERE [ID] IN (@InPara0)  
--------------------------------
2019/12/17 18:49:21|
【SQL参数】：
【SQL语句】：SELECT [UserName],[UserPwd],[RoleId],[RoleName],[LastLoginDate],[LastModifyPwdDate],[ErrorCount],[LastLoginFailDate],[HeadPicUrl],[Sex],[Age],[Birth],[Address],[Mobile],[Email],[Remark],[CreateID],[Creator],[CreateTime],[ModifyID],[Modifier],[ModifyTime],[ID],[Status],[DeleteTime],[Deleter],[DeleterID] FROM [SysUser] 
--------------------------------
2019/12/17 18:49:22|
【SQL参数】：@Status0:1

【SQL语句】：SELECT [ParentId],[MenuId],[Name],[Url],[PathUrl],[Description],[Icon],[OrderNo],[IsShow],[CreateID],[Creator],[CreateTime],[ModifyID],[Modifier],[ModifyTime],[ID],[Status],[DeleteTime],[Deleter],[DeleterID] FROM [SysMenu]  WHERE ( [Status] = @Status0 )
--------------------------------
2019/12/17 18:49:23|
【SQL参数】：@InPara0:ad53afaf-4ca4-4ced-9126-a7e71473dd42

【SQL语句】：SELECT [ParentId],[MenuId],[Name],[Url],[PathUrl],[Description],[Icon],[OrderNo],[IsShow],[CreateID],[Creator],[CreateTime],[ModifyID],[Modifier],[ModifyTime],[ID],[Status],[DeleteTime],[Deleter],[DeleterID] FROM [SysMenu]  WHERE [ID] IN (@InPara0)  
--------------------------------
2019/12/17 18:49:23|
【SQL参数】：@InPara0:bce6e60f-e321-c61a-b94e-9e2b129d1633

【SQL语句】：SELECT [Name],[OrderNo],[CreateID],[Creator],[CreateTime],[ModifyID],[Modifier],[ModifyTime],[ID],[Status],[DeleteTime],[Deleter],[DeleterID] FROM [SysPowerGroup]  WHERE [ID] IN (@InPara0)  
--------------------------------
2019/12/17 18:49:35|
【SQL参数】：@InPara0:ad53afaf-4ca4-4ced-9126-a7e71473dd42

【SQL语句】：SELECT [ParentId],[MenuId],[Name],[Url],[PathUrl],[Description],[Icon],[OrderNo],[IsShow],[CreateID],[Creator],[CreateTime],[ModifyID],[Modifier],[ModifyTime],[ID],[Status],[DeleteTime],[Deleter],[DeleterID] FROM [SysMenu]  WHERE [ID] IN (@InPara0)  
--------------------------------
2019/12/17 18:49:48|
【SQL参数】：@InPara0:ad53afaf-4ca4-4ced-9126-a7e71473dd42

【SQL语句】：SELECT [ParentId],[MenuId],[Name],[Url],[PathUrl],[Description],[Icon],[OrderNo],[IsShow],[CreateID],[Creator],[CreateTime],[ModifyID],[Modifier],[ModifyTime],[ID],[Status],[DeleteTime],[Deleter],[DeleterID] FROM [SysMenu]  WHERE [ID] IN (@InPara0)  
--------------------------------
2019/12/17 18:52:12|
【SQL参数】：
【SQL语句】：SELECT [UserName],[UserPwd],[RoleId],[RoleName],[LastLoginDate],[LastModifyPwdDate],[ErrorCount],[LastLoginFailDate],[HeadPicUrl],[Sex],[Age],[Birth],[Address],[Mobile],[Email],[Remark],[CreateID],[Creator],[CreateTime],[ModifyID],[Modifier],[ModifyTime],[ID],[Status],[DeleteTime],[Deleter],[DeleterID] FROM [SysUser] 
--------------------------------
2019/12/17 18:52:13|
【SQL参数】：@Status0:1

【SQL语句】：SELECT [ParentId],[MenuId],[Name],[Url],[PathUrl],[Description],[Icon],[OrderNo],[IsShow],[CreateID],[Creator],[CreateTime],[ModifyID],[Modifier],[ModifyTime],[ID],[Status],[DeleteTime],[Deleter],[DeleterID] FROM [SysMenu]  WHERE ( [Status] = @Status0 )
--------------------------------
2019/12/17 18:52:14|
【SQL参数】：@InPara0:ad53afaf-4ca4-4ced-9126-a7e71473dd42

【SQL语句】：SELECT [ParentId],[MenuId],[Name],[Url],[PathUrl],[Description],[Icon],[OrderNo],[IsShow],[CreateID],[Creator],[CreateTime],[ModifyID],[Modifier],[ModifyTime],[ID],[Status],[DeleteTime],[Deleter],[DeleterID] FROM [SysMenu]  WHERE [ID] IN (@InPara0)  
--------------------------------
2019/12/17 18:52:32|
【SQL参数】：@InPara0:ad53afaf-4ca4-4ced-9126-a7e71473dd42

【SQL语句】：SELECT [ParentId],[MenuId],[Name],[Url],[PathUrl],[Description],[Icon],[OrderNo],[IsShow],[CreateID],[Creator],[CreateTime],[ModifyID],[Modifier],[ModifyTime],[ID],[Status],[DeleteTime],[Deleter],[DeleterID] FROM [SysMenu]  WHERE [ID] IN (@InPara0)  
--------------------------------
2019/12/17 18:52:33|
【SQL参数】：@Status1:1

【SQL语句】：SELECT [SysPowerGroupID],[Name],[ApiUrl],[IsOpen],[CreateID],[Creator],[CreateTime],[ModifyID],[Modifier],[ModifyTime],[ID],[Status],[DeleteTime],[Deleter],[DeleterID] FROM [SysPower]  WHERE ((1=2) AND( [Status] = @Status1 ))
--------------------------------
2019/12/17 18:52:46|
【SQL参数】：@InPara0:ad53afaf-4ca4-4ced-9126-a7e71473dd42

【SQL语句】：SELECT [ParentId],[MenuId],[Name],[Url],[PathUrl],[Description],[Icon],[OrderNo],[IsShow],[CreateID],[Creator],[CreateTime],[ModifyID],[Modifier],[ModifyTime],[ID],[Status],[DeleteTime],[Deleter],[DeleterID] FROM [SysMenu]  WHERE [ID] IN (@InPara0)  
--------------------------------
2019/12/17 18:54:55|
【SQL参数】：@InPara0:ad53afaf-4ca4-4ced-9126-a7e71473dd42

【SQL语句】：SELECT [ParentId],[MenuId],[Name],[Url],[PathUrl],[Description],[Icon],[OrderNo],[IsShow],[CreateID],[Creator],[CreateTime],[ModifyID],[Modifier],[ModifyTime],[ID],[Status],[DeleteTime],[Deleter],[DeleterID] FROM [SysMenu]  WHERE [ID] IN (@InPara0)  
--------------------------------
2019/12/17 18:55:01|
【SQL参数】：@InPara0:ad53afaf-4ca4-4ced-9126-a7e71473dd42

【SQL语句】：SELECT [ParentId],[MenuId],[Name],[Url],[PathUrl],[Description],[Icon],[OrderNo],[IsShow],[CreateID],[Creator],[CreateTime],[ModifyID],[Modifier],[ModifyTime],[ID],[Status],[DeleteTime],[Deleter],[DeleterID] FROM [SysMenu]  WHERE [ID] IN (@InPara0)  
--------------------------------
2019/12/17 18:55:01|
【SQL参数】：@InPara0:ed0ffa8f-7d59-09ce-ef60-4245f93a8a4d

【SQL语句】：SELECT [Name],[OrderNo],[CreateID],[Creator],[CreateTime],[ModifyID],[Modifier],[ModifyTime],[ID],[Status],[DeleteTime],[Deleter],[DeleterID] FROM [SysPowerGroup]  WHERE [ID] IN (@InPara0)  
--------------------------------
2019/12/17 18:55:04|
【SQL参数】：@InPara0:ad53afaf-4ca4-4ced-9126-a7e71473dd42

【SQL语句】：SELECT [ParentId],[MenuId],[Name],[Url],[PathUrl],[Description],[Icon],[OrderNo],[IsShow],[CreateID],[Creator],[CreateTime],[ModifyID],[Modifier],[ModifyTime],[ID],[Status],[DeleteTime],[Deleter],[DeleterID] FROM [SysMenu]  WHERE [ID] IN (@InPara0)  
--------------------------------
2019/12/17 18:55:09|
【SQL参数】：@SysMenuID:ad53afaf-4ca4-4ced-9126-a7e71473dd42
@SysPowerGroupID:ed0ffa8f-7d59-09ce-ef60-4245f93a8a4d
@CreateID:1
@Creator:admin
@CreateTime:2019/12/17 18:55:04
@ModifyID:
@Modifier:
@ModifyTime:
@ID:e091be25-08f5-4842-b7db-45832c16ce2e
@Status:1
@DeleteTime:
@Deleter:
@DeleterID:

【SQL语句】：INSERT INTO [SysMenuPowerGroup]  
           ([SysMenuID],[SysPowerGroupID],[CreateID],[Creator],[CreateTime],[ModifyID],[Modifier],[ModifyTime],[ID],[Status],[DeleteTime],[Deleter],[DeleterID])
     VALUES
           (@SysMenuID,@SysPowerGroupID,@CreateID,@Creator,@CreateTime,@ModifyID,@Modifier,@ModifyTime,@ID,@Status,@DeleteTime,@Deleter,@DeleterID) ;
--------------------------------
2019/12/17 18:58:10|
【SQL参数】：
【SQL语句】：SELECT [UserName],[UserPwd],[RoleId],[RoleName],[LastLoginDate],[LastModifyPwdDate],[ErrorCount],[LastLoginFailDate],[HeadPicUrl],[Sex],[Age],[Birth],[Address],[Mobile],[Email],[Remark],[CreateID],[Creator],[CreateTime],[ModifyID],[Modifier],[ModifyTime],[ID],[Status],[DeleteTime],[Deleter],[DeleterID] FROM [SysUser] 
--------------------------------
2019/12/17 18:58:11|
【SQL参数】：@Status0:1

【SQL语句】：SELECT [ParentId],[MenuId],[Name],[Url],[PathUrl],[Description],[Icon],[OrderNo],[IsShow],[CreateID],[Creator],[CreateTime],[ModifyID],[Modifier],[ModifyTime],[ID],[Status],[DeleteTime],[Deleter],[DeleterID] FROM [SysMenu]  WHERE ( [Status] = @Status0 )
--------------------------------
2019/12/17 18:58:12|
【SQL参数】：@InPara0:ad53afaf-4ca4-4ced-9126-a7e71473dd42

【SQL语句】：SELECT [ParentId],[MenuId],[Name],[Url],[PathUrl],[Description],[Icon],[OrderNo],[IsShow],[CreateID],[Creator],[CreateTime],[ModifyID],[Modifier],[ModifyTime],[ID],[Status],[DeleteTime],[Deleter],[DeleterID] FROM [SysMenu]  WHERE [ID] IN (@InPara0)  
--------------------------------
2019/12/17 18:58:15|
【SQL参数】：@InPara0:ad53afaf-4ca4-4ced-9126-a7e71473dd42

【SQL语句】：SELECT [ParentId],[MenuId],[Name],[Url],[PathUrl],[Description],[Icon],[OrderNo],[IsShow],[CreateID],[Creator],[CreateTime],[ModifyID],[Modifier],[ModifyTime],[ID],[Status],[DeleteTime],[Deleter],[DeleterID] FROM [SysMenu]  WHERE [ID] IN (@InPara0)  
--------------------------------
2019/12/17 18:58:17|
【SQL参数】：
【SQL语句】：DELETE FROM [SysMenuPowerGroup] WHERE [ID] IN ('e091be25-08f5-4842-b7db-45832c16ce2e') 
--------------------------------
2019/12/17 18:58:26|
【SQL参数】：@InPara0:ad53afaf-4ca4-4ced-9126-a7e71473dd42

【SQL语句】：SELECT [ParentId],[MenuId],[Name],[Url],[PathUrl],[Description],[Icon],[OrderNo],[IsShow],[CreateID],[Creator],[CreateTime],[ModifyID],[Modifier],[ModifyTime],[ID],[Status],[DeleteTime],[Deleter],[DeleterID] FROM [SysMenu]  WHERE [ID] IN (@InPara0)  
--------------------------------
2019/12/17 18:58:29|
【SQL参数】：
【SQL语句】：DELETE FROM [SysPowerGroup] WHERE [ID] IN ('ed0ffa8f-7d59-09ce-ef60-4245f93a8a4d') 
--------------------------------
2019/12/17 18:58:50|
【SQL参数】：@InPara0:ad53afaf-4ca4-4ced-9126-a7e71473dd42

【SQL语句】：SELECT [ParentId],[MenuId],[Name],[Url],[PathUrl],[Description],[Icon],[OrderNo],[IsShow],[CreateID],[Creator],[CreateTime],[ModifyID],[Modifier],[ModifyTime],[ID],[Status],[DeleteTime],[Deleter],[DeleterID] FROM [SysMenu]  WHERE [ID] IN (@InPara0)  
--------------------------------
2019/12/17 18:58:53|
【SQL参数】：
【SQL语句】：DELETE FROM [SysPowerGroup] WHERE [ID] IN ('ed0ffa8f-7d59-09ce-ef60-4245f93a8a4d') 
--------------------------------
2019/12/17 18:58:58|
【SQL参数】：@InPara0:ad53afaf-4ca4-4ced-9126-a7e71473dd42

【SQL语句】：SELECT [ParentId],[MenuId],[Name],[Url],[PathUrl],[Description],[Icon],[OrderNo],[IsShow],[CreateID],[Creator],[CreateTime],[ModifyID],[Modifier],[ModifyTime],[ID],[Status],[DeleteTime],[Deleter],[DeleterID] FROM [SysMenu]  WHERE [ID] IN (@InPara0)  
--------------------------------
2019/12/17 18:59:13|
【SQL参数】：@Status0:1

【SQL语句】：SELECT [ParentId],[MenuId],[Name],[Url],[PathUrl],[Description],[Icon],[OrderNo],[IsShow],[CreateID],[Creator],[CreateTime],[ModifyID],[Modifier],[ModifyTime],[ID],[Status],[DeleteTime],[Deleter],[DeleterID] FROM [SysMenu]  WHERE ( [Status] = @Status0 )
--------------------------------
2019/12/17 18:59:14|
【SQL参数】：@Status0:1

【SQL语句】：SELECT [ParentId],[MenuId],[Name],[Url],[PathUrl],[Description],[Icon],[OrderNo],[IsShow],[CreateID],[Creator],[CreateTime],[ModifyID],[Modifier],[ModifyTime],[ID],[Status],[DeleteTime],[Deleter],[DeleterID] FROM [SysMenu]  WHERE ( [Status] = @Status0 )
--------------------------------
2019/12/17 18:59:14|
【SQL参数】：@Status0:1

【SQL语句】：SELECT [ParentId],[MenuId],[Name],[Url],[PathUrl],[Description],[Icon],[OrderNo],[IsShow],[CreateID],[Creator],[CreateTime],[ModifyID],[Modifier],[ModifyTime],[ID],[Status],[DeleteTime],[Deleter],[DeleterID] FROM [SysMenu]  WHERE ( [Status] = @Status0 )
--------------------------------
2019/12/17 18:59:15|
【SQL参数】：@Status0:1

【SQL语句】：SELECT [ParentId],[MenuId],[Name],[Url],[PathUrl],[Description],[Icon],[OrderNo],[IsShow],[CreateID],[Creator],[CreateTime],[ModifyID],[Modifier],[ModifyTime],[ID],[Status],[DeleteTime],[Deleter],[DeleterID] FROM [SysMenu]  WHERE ( [Status] = @Status0 )
--------------------------------
2019/12/17 18:59:20|
【SQL参数】：@Status0:1

【SQL语句】：SELECT [ParentId],[MenuId],[Name],[Url],[PathUrl],[Description],[Icon],[OrderNo],[IsShow],[CreateID],[Creator],[CreateTime],[ModifyID],[Modifier],[ModifyTime],[ID],[Status],[DeleteTime],[Deleter],[DeleterID] FROM [SysMenu]  WHERE ( [Status] = @Status0 )
--------------------------------
2019/12/17 18:59:22|
【SQL参数】：@InPara0:ad53afaf-4ca4-4ced-9126-a7e71473dd42

【SQL语句】：SELECT [ParentId],[MenuId],[Name],[Url],[PathUrl],[Description],[Icon],[OrderNo],[IsShow],[CreateID],[Creator],[CreateTime],[ModifyID],[Modifier],[ModifyTime],[ID],[Status],[DeleteTime],[Deleter],[DeleterID] FROM [SysMenu]  WHERE [ID] IN (@InPara0)  
--------------------------------
2019/12/17 18:59:26|
【SQL参数】：@InPara0:ad53afaf-4ca4-4ced-9126-a7e71473dd42

【SQL语句】：SELECT [ParentId],[MenuId],[Name],[Url],[PathUrl],[Description],[Icon],[OrderNo],[IsShow],[CreateID],[Creator],[CreateTime],[ModifyID],[Modifier],[ModifyTime],[ID],[Status],[DeleteTime],[Deleter],[DeleterID] FROM [SysMenu]  WHERE [ID] IN (@InPara0)  
--------------------------------
2019/12/17 18:59:27|
【SQL参数】：
【SQL语句】：DELETE FROM [SysMenuPowerGroup] WHERE [ID] IN ('152904d3-5f9b-4888-a117-23045362f8d1','ec377e44-5711-478a-a790-fca389ab6268') 
--------------------------------
2019/12/17 18:59:27|
【SQL参数】：
【SQL语句】：DELETE FROM [SysPowerGroup] WHERE [ID] IN ('ed0ffa8f-7d59-09ce-ef60-4245f93a8a4d','689149bf-234e-cf4b-be29-5e9921466845') 
--------------------------------
2019/12/17 19:01:26|
【SQL参数】：@Status0:2

【SQL语句】： SELECT COUNT(1) FROM (SELECT [UserName],[UserPwd],[RoleId],[RoleName],[LastLoginDate],[LastModifyPwdDate],[ErrorCount],[LastLoginFailDate],[HeadPicUrl],[Sex],[Age],[Birth],[Address],[Mobile],[Email],[Remark],[CreateID],[Creator],[CreateTime],[ModifyID],[Modifier],[ModifyTime],[ID],[Status],[DeleteTime],[Deleter],[DeleterID] FROM [SysUser]  WHERE ( [Status] <> @Status0 )) CountTable 
--------------------------------
2019/12/17 19:01:26|
【SQL参数】：@Status0:2

【SQL语句】：SELECT * FROM (SELECT [UserName],[UserPwd],[RoleId],[RoleName],[LastLoginDate],[LastModifyPwdDate],[ErrorCount],[LastLoginFailDate],[HeadPicUrl],[Sex],[Age],[Birth],[Address],[Mobile],[Email],[Remark],[CreateID],[Creator],[CreateTime],[ModifyID],[Modifier],[ModifyTime],[ID],[Status],[DeleteTime],[Deleter],[DeleterID],ROW_NUMBER() OVER(ORDER BY CreateTime desc) AS RowIndex  FROM [SysUser]  WHERE ( [Status] <> @Status0 )) T WHERE RowIndex BETWEEN 1 AND 2
--------------------------------
2019/12/17 19:01:29|
【SQL参数】：@Status0:1

【SQL语句】：SELECT [ParentId],[MenuId],[Name],[Url],[PathUrl],[Description],[Icon],[OrderNo],[IsShow],[CreateID],[Creator],[CreateTime],[ModifyID],[Modifier],[ModifyTime],[ID],[Status],[DeleteTime],[Deleter],[DeleterID] FROM [SysMenu]  WHERE ( [Status] = @Status0 )
--------------------------------
2019/12/17 19:01:31|
【SQL参数】：@Status0:2

【SQL语句】： SELECT COUNT(1) FROM (SELECT [UserName],[UserPwd],[RoleId],[RoleName],[LastLoginDate],[LastModifyPwdDate],[ErrorCount],[LastLoginFailDate],[HeadPicUrl],[Sex],[Age],[Birth],[Address],[Mobile],[Email],[Remark],[CreateID],[Creator],[CreateTime],[ModifyID],[Modifier],[ModifyTime],[ID],[Status],[DeleteTime],[Deleter],[DeleterID] FROM [SysUser]  WHERE ( [Status] <> @Status0 )) CountTable 
--------------------------------
2019/12/17 19:01:31|
【SQL参数】：@Status0:2

【SQL语句】：SELECT * FROM (SELECT [UserName],[UserPwd],[RoleId],[RoleName],[LastLoginDate],[LastModifyPwdDate],[ErrorCount],[LastLoginFailDate],[HeadPicUrl],[Sex],[Age],[Birth],[Address],[Mobile],[Email],[Remark],[CreateID],[Creator],[CreateTime],[ModifyID],[Modifier],[ModifyTime],[ID],[Status],[DeleteTime],[Deleter],[DeleterID],ROW_NUMBER() OVER(ORDER BY CreateTime desc) AS RowIndex  FROM [SysUser]  WHERE ( [Status] <> @Status0 )) T WHERE RowIndex BETWEEN 1 AND 2
--------------------------------
2019/12/17 19:01:33|
【SQL参数】：@Status0:1

【SQL语句】：SELECT [ParentId],[MenuId],[Name],[Url],[PathUrl],[Description],[Icon],[OrderNo],[IsShow],[CreateID],[Creator],[CreateTime],[ModifyID],[Modifier],[ModifyTime],[ID],[Status],[DeleteTime],[Deleter],[DeleterID] FROM [SysMenu]  WHERE ( [Status] = @Status0 )
--------------------------------
2019/12/17 19:01:33|
【SQL参数】：@InPara0:ad53afaf-4ca4-4ced-9126-a7e71473dd42

【SQL语句】：SELECT [ParentId],[MenuId],[Name],[Url],[PathUrl],[Description],[Icon],[OrderNo],[IsShow],[CreateID],[Creator],[CreateTime],[ModifyID],[Modifier],[ModifyTime],[ID],[Status],[DeleteTime],[Deleter],[DeleterID] FROM [SysMenu]  WHERE [ID] IN (@InPara0)  
--------------------------------
2019/12/17 19:01:34|
【SQL参数】：@InPara0:ed0ffa8f-7d59-09ce-ef60-4245f93a8a4d

【SQL语句】：SELECT [Name],[OrderNo],[CreateID],[Creator],[CreateTime],[ModifyID],[Modifier],[ModifyTime],[ID],[Status],[DeleteTime],[Deleter],[DeleterID] FROM [SysPowerGroup]  WHERE [ID] IN (@InPara0)  
